
1
10
1057
1058
1071
1072
1073
1075
1076
1078
1081
1082
1085
1086
1092
1095
11
1139
1153
1154
1173
12
1247
1258
1268
1290
1291
1315
1317
1338
1344
1351
13587
13588
13599
13600
13601
13602
13603
13604
13605
13606
13607
13608
1365
1367
1369
1372
1383
14
1427
1443
1450
1452
1458
1459
15
1507
1509
1516
1518
1521
1533
1537
1538
1541
1542
1543
1544
1547
1548
1551
1553
1554
1557
1558
1559
1562
1566
1569
1570
15734
15798
1589
15900
15925
16
16038
1626
1655
1661
1664
1665
1678
1682
1684
16941
17
174
175
18
180
181
1840
1843
18876
192
19201
1921
1924
19247
1929
1931
1949
1956
19599
1961
1972
1989
1991
1999
2
20
2001
2004
2010
2018
2022
2026
2033
2037
2040
2043
20555
2056
2061
20649
2066
20662
2071
2075
2077
2078
2082
2084
2086
2093
2098
21
2101
2103
2106
2121
2126
2127
2128
2129
2130
2167
21732
2177
218
2182
21876
2199
21996
22
2212
22155
2221
22344
2252
2269
2282
22961
23
23021
23120
23121
23122
2315
2322
2323
2326
2327
2330
2351
23646
23901
23915
24
24009
24011
2422
24316
24415
24531
24570
24615
24689
24763
24764
24773
24783
24788
24844
24898
24941
25093
25119
25121
25153
25154
25155
25157
25158
2528
26
2662
2668
27
276
27661
277
278
27862
279
27957
28
280
281
287
288
29
3
30
3050
3067
3068
311
312
314
3145
315
317
3216
322
326
33
3390
34
347
35
36
361
38
388
39
391
393
395
399
4
40
401
403
405
407
409
41
411
413
415
417
419
42
421
423
425
427
429
431
433
435
437
439
44
441
443
445
447
449
45
451
453
455
457
46
47
48
496
507
51
511
52
53
54
550
553
5559
556
57
579
58
580
581
582
59
5951
5959
60
6056
6171
62
6258
6259
628
63
6321
64
65
66
67
68
69
70
73
74
7409
7432
75
7565
7598
76
79
8
80
83
84
85
9
941
943
