[    39.706] (--) Log file renamed from "/var/log/Xorg.pid-1717.log" to "/var/log/Xorg.0.log"
[    39.719] 
X.Org X Server 1.20.4
X Protocol Version 11, Revision 0
[    39.719] Build Operating System: Linux 4.9.0-8-amd64 x86_64 Debian
[    39.719] Current Operating System: Linux kali 5.2.0-kali2-amd64 #1 SMP Debian 5.2.9-2kali1 (2019-08-22) x86_64
[    39.719] Kernel command line: BOOT_IMAGE=/live/vmlinuz boot=live noconfig=sudo username=root hostname=kali persistence initrd=/live/initrd.img
[    39.719] Build Date: 05 March 2019  08:11:12PM
[    39.719] xorg-server 2:1.20.4-1 (https://www.debian.org/support) 
[    39.719] Current version of pixman: 0.36.0
[    39.719] 	Before reporting problems, check http://wiki.x.org
	to make sure that you have the latest version.
[    39.719] Markers: (--) probed, (**) from config file, (==) default setting,
	(++) from command line, (!!) notice, (II) informational,
	(WW) warning, (EE) error, (NI) not implemented, (??) unknown.
[    39.719] (==) Log file: "/var/log/Xorg.0.log", Time: Sun Sep 29 21:34:19 2019
[    39.722] (==) Using system config directory "/usr/share/X11/xorg.conf.d"
[    39.725] (==) No Layout section.  Using the first Screen section.
[    39.725] (==) No screen section available. Using defaults.
[    39.725] (**) |-->Screen "Default Screen Section" (0)
[    39.725] (**) |   |-->Monitor "<default monitor>"
[    39.725] (==) No monitor specified for screen "Default Screen Section".
	Using a default monitor configuration.
[    39.725] (==) Automatically adding devices
[    39.725] (==) Automatically enabling devices
[    39.725] (==) Automatically adding GPU devices
[    39.725] (==) Max clients allowed: 256, resource mask: 0x1fffff
[    39.748] (WW) The directory "/usr/share/fonts/X11/cyrillic" does not exist.
[    39.748] 	Entry deleted from font path.
[    39.748] (WW) The directory "/usr/share/fonts/X11/100dpi/" does not exist.
[    39.748] 	Entry deleted from font path.
[    39.748] (WW) The directory "/usr/share/fonts/X11/75dpi/" does not exist.
[    39.748] 	Entry deleted from font path.
[    39.752] (WW) The directory "/usr/share/fonts/X11/100dpi" does not exist.
[    39.753] 	Entry deleted from font path.
[    39.753] (WW) The directory "/usr/share/fonts/X11/75dpi" does not exist.
[    39.753] 	Entry deleted from font path.
[    39.753] (==) FontPath set to:
	/usr/share/fonts/X11/misc,
	/usr/share/fonts/X11/Type1,
	built-ins
[    39.753] (==) ModulePath set to "/usr/lib/xorg/modules"
[    39.753] (II) The server relies on udev to provide the list of input devices.
	If no devices become available, reconfigure udev or disable AutoAddDevices.
[    39.753] (II) Loader magic: 0x558a17551e20
[    39.753] (II) Module ABI versions:
[    39.753] 	X.Org ANSI C Emulation: 0.4
[    39.753] 	X.Org Video Driver: 24.0
[    39.753] 	X.Org XInput driver : 24.1
[    39.753] 	X.Org Server Extension : 10.0
[    39.753] (++) using VT number 2

[    39.755] (II) systemd-logind: took control of session /org/freedesktop/login1/session/_31
[    39.755] (II) xfree86: Adding drm device (/dev/dri/card1)
[    39.756] (II) systemd-logind: got fd for /dev/dri/card1 226:1 fd 12 paused 0
[    39.756] (II) xfree86: Adding drm device (/dev/dri/card0)
[    39.757] (II) systemd-logind: got fd for /dev/dri/card0 226:0 fd 13 paused 0
[    39.759] (--) PCI:*(0@0:2:0) 8086:0416:1043:11cd rev 6, Mem @ 0xf7400000/4194304, 0xd0000000/268435456, I/O @ 0x0000f000/64, BIOS @ 0x????????/131072
[    39.759] (--) PCI: (1@0:0:0) 10de:1391:1043:11cd rev 162, Mem @ 0xf6000000/16777216, 0xe0000000/268435456, 0xf0000000/33554432, I/O @ 0x0000e000/128, BIOS @ 0x????????/524288
[    39.759] (II) LoadModule: "glx"
[    39.760] (II) Loading /usr/lib/xorg/modules/extensions/libglx.so
[    39.855] (II) Module glx: vendor="X.Org Foundation"
[    39.855] 	compiled for 1.20.4, module version = 1.0.0
[    39.856] 	ABI class: X.Org Server Extension, version 10.0
[    39.909] (==) Matched modesetting as autoconfigured driver 0
[    39.909] (==) Matched fbdev as autoconfigured driver 1
[    39.909] (==) Matched vesa as autoconfigured driver 2
[    39.910] (==) Assigned the driver to the xf86ConfigLayout
[    39.910] (II) LoadModule: "modesetting"
[    39.912] (II) Loading /usr/lib/xorg/modules/drivers/modesetting_drv.so
[    39.919] (II) Module modesetting: vendor="X.Org Foundation"
[    39.919] 	compiled for 1.20.4, module version = 1.20.4
[    39.919] 	Module class: X.Org Video Driver
[    39.919] 	ABI class: X.Org Video Driver, version 24.0
[    39.919] (II) LoadModule: "fbdev"
[    39.919] (II) Loading /usr/lib/xorg/modules/drivers/fbdev_drv.so
[    39.924] (II) Module fbdev: vendor="X.Org Foundation"
[    39.924] 	compiled for 1.20.0, module version = 0.5.0
[    39.924] 	Module class: X.Org Video Driver
[    39.924] 	ABI class: X.Org Video Driver, version 24.0
[    39.924] (II) LoadModule: "vesa"
[    39.924] (II) Loading /usr/lib/xorg/modules/drivers/vesa_drv.so
[    39.928] (II) Module vesa: vendor="X.Org Foundation"
[    39.928] 	compiled for 1.20.4, module version = 2.4.0
[    39.928] 	Module class: X.Org Video Driver
[    39.928] 	ABI class: X.Org Video Driver, version 24.0
[    39.928] (II) modesetting: Driver for Modesetting Kernel Drivers: kms
[    39.928] (II) FBDEV: driver for framebuffer: fbdev
[    39.928] (II) VESA: driver for VESA chipsets: vesa
[    39.928] (II) modeset(0): using drv /dev/dri/card0
[    39.928] (WW) Falling back to old probe method for fbdev
[    39.928] (II) Loading sub module "fbdevhw"
[    39.928] (II) LoadModule: "fbdevhw"
[    39.931] (II) Loading /usr/lib/xorg/modules/libfbdevhw.so
[    39.940] (II) Module fbdevhw: vendor="X.Org Foundation"
[    39.940] 	compiled for 1.20.4, module version = 0.0.2
[    39.940] 	ABI class: X.Org Video Driver, version 24.0
[    39.940] (II) modeset(G0): using drv /dev/dri/card1
[    39.940] (II) modeset(0): Creating default Display subsection in Screen section
	"Default Screen Section" for depth/fbbpp 24/32
[    39.940] (==) modeset(0): Depth 24, (==) framebuffer bpp 32
[    39.940] (==) modeset(0): RGB weight 888
[    39.940] (==) modeset(0): Default visual is TrueColor
[    39.940] (II) Loading sub module "glamoregl"
[    39.940] (II) LoadModule: "glamoregl"
[    39.940] (II) Loading /usr/lib/xorg/modules/libglamoregl.so
[    39.993] (II) Module glamoregl: vendor="X.Org Foundation"
[    39.993] 	compiled for 1.20.4, module version = 1.0.1
[    39.993] 	ABI class: X.Org ANSI C Emulation, version 0.4
[    40.760] (II) modeset(0): glamor X acceleration enabled on Mesa DRI Intel(R) Haswell Mobile 
[    40.760] (II) modeset(0): glamor initialized
[    40.761] (II) modeset(0): Output eDP-1 has no monitor section
[    40.761] (II) modeset(0): Output DP-1 has no monitor section
[    40.763] (II) modeset(0): Output HDMI-1 has no monitor section
[    40.765] (II) modeset(0): Output HDMI-2 has no monitor section
[    40.766] (II) modeset(0): EDID for output eDP-1
[    40.766] (II) modeset(0): Manufacturer: SDC  Model: 324c  Serial#: 0
[    40.766] (II) modeset(0): Year: 2013  Week: 0
[    40.766] (II) modeset(0): EDID Version: 1.4
[    40.766] (II) modeset(0): Digital Display Input
[    40.766] (II) modeset(0): 6 bits per channel
[    40.766] (II) modeset(0): Digital interface is DisplayPort
[    40.766] (II) modeset(0): Max Image Size [cm]: horiz.: 34  vert.: 19
[    40.767] (II) modeset(0): Gamma: 2.20
[    40.767] (II) modeset(0): No DPMS capabilities specified
[    40.767] (II) modeset(0): Supported color encodings: RGB 4:4:4 YCrCb 4:4:4 
[    40.767] (II) modeset(0): First detailed timing is preferred mode
[    40.767] (II) modeset(0): Preferred mode is native pixel format and refresh rate
[    40.767] (II) modeset(0): redX: 0.620 redY: 0.355   greenX: 0.300 greenY: 0.580
[    40.767] (II) modeset(0): blueX: 0.150 blueY: 0.090   whiteX: 0.313 whiteY: 0.329
[    40.767] (II) modeset(0): Manufacturer's mask: 0
[    40.767] (II) modeset(0): Supported detailed timing:
[    40.767] (II) modeset(0): clock: 143.0 MHz   Image Size:  344 x 194 mm
[    40.767] (II) modeset(0): h_active: 1920  h_sync: 1968  h_sync_end 2000 h_blank_end 2080 h_border: 0
[    40.767] (II) modeset(0): v_active: 1080  v_sync: 1082  v_sync_end 1087 v_blanking: 1144 v_border: 0
[    40.767] (II) modeset(0): Unknown vendor-specific block f
[    40.767] (II) modeset(0):  SAMSUNG
[    40.767] (II) modeset(0):  156HL01-102
[    40.767] (II) modeset(0): EDID (in hex):
[    40.767] (II) modeset(0): 	00ffffffffffff004c834c3200000000
[    40.767] (II) modeset(0): 	00170104952213780ace859e5b4c9426
[    40.767] (II) modeset(0): 	17505400000001010101010101010101
[    40.767] (II) modeset(0): 	010101010101dc3780a0703840403020
[    40.767] (II) modeset(0): 	250058c2100000190000000f00000000
[    40.767] (II) modeset(0): 	00000000001e82105200000000fe0053
[    40.767] (II) modeset(0): 	414d53554e470a2020202020000000fe
[    40.767] (II) modeset(0): 	00313536484c30312d3130320a2000d1
[    40.767] (II) modeset(0): Printing probed modes for output eDP-1
[    40.767] (II) modeset(0): Modeline "1920x1080"x60.1  143.00  1920 1968 2000 2080  1080 1082 1087 1144 -hsync -vsync (68.8 kHz eP)
[    40.767] (II) modeset(0): Modeline "1920x1080"x120.0  356.38  1920 2080 2288 2656  1080 1081 1084 1118 doublescan -hsync +vsync (134.2 kHz d)
[    40.767] (II) modeset(0): Modeline "1920x1080"x119.9  266.50  1920 1944 1960 2000  1080 1081 1084 1111 doublescan +hsync -vsync (133.2 kHz d)
[    40.767] (II) modeset(0): Modeline "1920x1080"x60.0  173.00  1920 2048 2248 2576  1080 1083 1088 1120 -hsync +vsync (67.2 kHz d)
[    40.767] (II) modeset(0): Modeline "1920x1080"x59.9  138.50  1920 1968 2000 2080  1080 1083 1088 1111 +hsync -vsync (66.6 kHz d)
[    40.767] (II) modeset(0): Modeline "1680x1050"x60.0  146.25  1680 1784 1960 2240  1050 1053 1059 1089 -hsync +vsync (65.3 kHz d)
[    40.767] (II) modeset(0): Modeline "1680x1050"x59.9  119.00  1680 1728 1760 1840  1050 1053 1059 1080 +hsync -vsync (64.7 kHz d)
[    40.767] (II) modeset(0): Modeline "1600x1024"x60.2  103.12  1600 1600 1656 1664  1024 1024 1029 1030 +hsync +vsync (62.0 kHz d)
[    40.767] (II) modeset(0): Modeline "1400x1050"x60.0  122.00  1400 1488 1640 1880  1050 1052 1064 1082 +hsync +vsync (64.9 kHz d)
[    40.767] (II) modeset(0): Modeline "1600x900"x120.0  246.00  1600 1728 1900 2200  900 901 904 932 doublescan -hsync +vsync (111.8 kHz d)
[    40.767] (II) modeset(0): Modeline "1600x900"x119.9  186.50  1600 1624 1640 1680  900 901 904 926 doublescan +hsync -vsync (111.0 kHz d)
[    40.767] (II) modeset(0): Modeline "1600x900"x59.9  118.25  1600 1696 1856 2112  900 903 908 934 -hsync +vsync (56.0 kHz d)
[    40.767] (II) modeset(0): Modeline "1600x900"x59.8   97.50  1600 1648 1680 1760  900 903 908 926 +hsync -vsync (55.4 kHz d)
[    40.767] (II) modeset(0): Modeline "1280x1024"x60.0  108.00  1280 1328 1440 1688  1024 1025 1028 1066 +hsync +vsync (64.0 kHz d)
[    40.767] (II) modeset(0): Modeline "1440x900"x59.9  106.50  1440 1520 1672 1904  900 903 909 934 -hsync +vsync (55.9 kHz d)
[    40.767] (II) modeset(0): Modeline "1400x900"x60.0  103.50  1400 1480 1624 1848  900 903 913 934 -hsync +vsync (56.0 kHz d)
[    40.767] (II) modeset(0): Modeline "1400x900"x59.9   86.50  1400 1448 1480 1560  900 903 913 926 +hsync -vsync (55.4 kHz d)
[    40.767] (II) modeset(0): Modeline "1280x960"x60.0  108.00  1280 1376 1488 1800  960 961 964 1000 +hsync +vsync (60.0 kHz d)
[    40.767] (II) modeset(0): Modeline "1440x810"x120.0  198.12  1440 1548 1704 1968  810 811 814 839 doublescan -hsync +vsync (100.7 kHz d)
[    40.767] (II) modeset(0): Modeline "1440x810"x119.9  151.88  1440 1464 1480 1520  810 811 814 833 doublescan +hsync -vsync (99.9 kHz d)
[    40.767] (II) modeset(0): Modeline "1368x768"x59.9   85.25  1368 1440 1576 1784  768 771 781 798 -hsync +vsync (47.8 kHz d)
[    40.767] (II) modeset(0): Modeline "1368x768"x59.9   72.25  1368 1416 1448 1528  768 771 781 790 +hsync -vsync (47.3 kHz d)
[    40.767] (II) modeset(0): Modeline "1360x768"x59.8   84.75  1360 1432 1568 1776  768 771 781 798 -hsync +vsync (47.7 kHz d)
[    40.767] (II) modeset(0): Modeline "1360x768"x60.0   72.00  1360 1408 1440 1520  768 771 781 790 +hsync -vsync (47.4 kHz d)
[    40.767] (II) modeset(0): Modeline "1280x800"x120.0  174.25  1280 1380 1516 1752  800 801 804 829 doublescan -hsync +vsync (99.5 kHz d)
[    40.767] (II) modeset(0): Modeline "1280x800"x119.9  134.25  1280 1304 1320 1360  800 801 804 823 doublescan +hsync -vsync (98.7 kHz d)
[    40.767] (II) modeset(0): Modeline "1280x800"x59.8   83.50  1280 1352 1480 1680  800 803 809 831 -hsync +vsync (49.7 kHz d)
[    40.767] (II) modeset(0): Modeline "1280x800"x59.9   71.00  1280 1328 1360 1440  800 803 809 823 +hsync -vsync (49.3 kHz d)
[    40.767] (II) modeset(0): Modeline "1152x864"x60.0   81.62  1152 1216 1336 1520  864 865 868 895 -hsync +vsync (53.7 kHz d)
[    40.767] (II) modeset(0): Modeline "1280x720"x120.0  156.12  1280 1376 1512 1744  720 721 724 746 doublescan -hsync +vsync (89.5 kHz d)
[    40.767] (II) modeset(0): Modeline "1280x720"x120.0  120.75  1280 1304 1320 1360  720 721 724 740 doublescan +hsync -vsync (88.8 kHz d)
[    40.767] (II) modeset(0): Modeline "1280x720"x59.9   74.50  1280 1344 1472 1664  720 723 728 748 -hsync +vsync (44.8 kHz d)
[    40.767] (II) modeset(0): Modeline "1280x720"x59.7   63.75  1280 1328 1360 1440  720 723 728 741 +hsync -vsync (44.3 kHz d)
[    40.767] (II) modeset(0): Modeline "1024x768"x120.1  133.47  1024 1100 1212 1400  768 768 770 794 doublescan -hsync +vsync (95.3 kHz d)
[    40.767] (II) modeset(0): Modeline "1024x768"x60.0   65.00  1024 1048 1184 1344  768 771 777 806 -hsync -vsync (48.4 kHz d)
[    40.767] (II) modeset(0): Modeline "960x720"x120.0  117.00  960 1024 1128 1300  720 720 722 750 doublescan -hsync +vsync (90.0 kHz d)
[    40.767] (II) modeset(0): Modeline "928x696"x120.1  109.15  928 976 1088 1264  696 696 698 719 doublescan -hsync +vsync (86.4 kHz d)
[    40.767] (II) modeset(0): Modeline "896x672"x120.0  102.40  896 960 1060 1224  672 672 674 697 doublescan -hsync +vsync (83.7 kHz d)
[    40.767] (II) modeset(0): Modeline "1024x576"x119.9   98.50  1024 1092 1200 1376  576 577 580 597 doublescan -hsync +vsync (71.6 kHz d)
[    40.767] (II) modeset(0): Modeline "1024x576"x119.9   78.38  1024 1048 1064 1104  576 577 580 592 doublescan +hsync -vsync (71.0 kHz d)
[    40.767] (II) modeset(0): Modeline "1024x576"x59.9   46.50  1024 1064 1160 1296  576 579 584 599 -hsync +vsync (35.9 kHz d)
[    40.767] (II) modeset(0): Modeline "1024x576"x59.8   42.00  1024 1072 1104 1184  576 579 584 593 +hsync -vsync (35.5 kHz d)
[    40.767] (II) modeset(0): Modeline "960x600"x119.9   96.62  960 1028 1128 1296  600 601 604 622 doublescan -hsync +vsync (74.6 kHz d)
[    40.767] (II) modeset(0): Modeline "960x600"x120.0   77.00  960 984 1000 1040  600 601 604 617 doublescan +hsync -vsync (74.0 kHz d)
[    40.767] (II) modeset(0): Modeline "960x540"x119.9   86.50  960 1024 1124 1288  540 541 544 560 doublescan -hsync +vsync (67.2 kHz d)
[    40.767] (II) modeset(0): Modeline "960x540"x120.0   69.25  960 984 1000 1040  540 541 544 555 doublescan +hsync -vsync (66.6 kHz d)
[    40.767] (II) modeset(0): Modeline "960x540"x59.6   40.75  960 992 1088 1216  540 543 548 562 -hsync +vsync (33.5 kHz d)
[    40.767] (II) modeset(0): Modeline "960x540"x59.8   37.25  960 1008 1040 1120  540 543 548 556 +hsync -vsync (33.3 kHz d)
[    40.767] (II) modeset(0): Modeline "800x600"x120.0   81.00  800 832 928 1080  600 600 602 625 doublescan +hsync +vsync (75.0 kHz d)
[    40.767] (II) modeset(0): Modeline "800x600"x60.3   40.00  800 840 968 1056  600 601 605 628 +hsync +vsync (37.9 kHz d)
[    40.767] (II) modeset(0): Modeline "800x600"x56.2   36.00  800 824 896 1024  600 601 603 625 +hsync +vsync (35.2 kHz d)
[    40.767] (II) modeset(0): Modeline "840x525"x120.0   73.12  840 892 980 1120  525 526 529 544 doublescan -hsync +vsync (65.3 kHz d)
[    40.767] (II) modeset(0): Modeline "840x525"x119.8   59.50  840 864 880 920  525 526 529 540 doublescan +hsync -vsync (64.7 kHz d)
[    40.767] (II) modeset(0): Modeline "864x486"x59.9   32.50  864 888 968 1072  486 489 494 506 -hsync +vsync (30.3 kHz d)
[    40.767] (II) modeset(0): Modeline "864x486"x59.6   30.50  864 912 944 1024  486 489 494 500 +hsync -vsync (29.8 kHz d)
[    40.767] (II) modeset(0): Modeline "800x512"x120.3   51.56  800 800 828 832  512 512 514 515 doublescan +hsync +vsync (62.0 kHz d)
[    40.767] (II) modeset(0): Modeline "700x525"x120.0   61.00  700 744 820 940  525 526 532 541 doublescan +hsync +vsync (64.9 kHz d)
[    40.767] (II) modeset(0): Modeline "800x450"x119.9   59.12  800 848 928 1056  450 451 454 467 doublescan -hsync +vsync (56.0 kHz d)
[    40.767] (II) modeset(0): Modeline "800x450"x119.6   48.75  800 824 840 880  450 451 454 463 doublescan +hsync -vsync (55.4 kHz d)
[    40.767] (II) modeset(0): Modeline "640x512"x120.0   54.00  640 664 720 844  512 512 514 533 doublescan +hsync +vsync (64.0 kHz d)
[    40.767] (II) modeset(0): Modeline "720x450"x119.8   53.25  720 760 836 952  450 451 454 467 doublescan -hsync +vsync (55.9 kHz d)
[    40.768] (II) modeset(0): Modeline "700x450"x119.9   51.75  700 740 812 924  450 451 456 467 doublescan -hsync +vsync (56.0 kHz d)
[    40.768] (II) modeset(0): Modeline "700x450"x119.8   43.25  700 724 740 780  450 451 456 463 doublescan +hsync -vsync (55.4 kHz d)
[    40.768] (II) modeset(0): Modeline "640x480"x120.0   54.00  640 688 744 900  480 480 482 500 doublescan +hsync +vsync (60.0 kHz d)
[    40.768] (II) modeset(0): Modeline "640x480"x59.9   25.18  640 656 752 800  480 490 492 525 -hsync -vsync (31.5 kHz d)
[    40.768] (II) modeset(0): Modeline "720x405"x59.5   22.50  720 744 808 896  405 408 413 422 -hsync +vsync (25.1 kHz d)
[    40.768] (II) modeset(0): Modeline "720x405"x59.0   21.75  720 768 800 880  405 408 413 419 +hsync -vsync (24.7 kHz d)
[    40.768] (II) modeset(0): Modeline "684x384"x119.8   42.62  684 720 788 892  384 385 390 399 doublescan -hsync +vsync (47.8 kHz d)
[    40.768] (II) modeset(0): Modeline "684x384"x119.7   36.12  684 708 724 764  384 385 390 395 doublescan +hsync -vsync (47.3 kHz d)
[    40.768] (II) modeset(0): Modeline "680x384"x119.6   42.38  680 716 784 888  384 385 390 399 doublescan -hsync +vsync (47.7 kHz d)
[    40.768] (II) modeset(0): Modeline "680x384"x119.9   36.00  680 704 720 760  384 385 390 395 doublescan +hsync -vsync (47.4 kHz d)
[    40.768] (II) modeset(0): Modeline "640x400"x119.8   41.75  640 676 740 840  400 401 404 415 doublescan -hsync +vsync (49.7 kHz d)
[    40.768] (II) modeset(0): Modeline "640x400"x120.0   35.50  640 664 680 720  400 401 404 411 doublescan +hsync -vsync (49.3 kHz d)
[    40.768] (II) modeset(0): Modeline "576x432"x120.1   40.81  576 608 668 760  432 432 434 447 doublescan -hsync +vsync (53.7 kHz d)
[    40.768] (II) modeset(0): Modeline "640x360"x119.7   37.25  640 672 736 832  360 361 364 374 doublescan -hsync +vsync (44.8 kHz d)
[    40.768] (II) modeset(0): Modeline "640x360"x119.7   31.88  640 664 680 720  360 361 364 370 doublescan +hsync -vsync (44.3 kHz d)
[    40.768] (II) modeset(0): Modeline "640x360"x59.8   18.00  640 664 720 800  360 363 368 376 -hsync +vsync (22.5 kHz d)
[    40.768] (II) modeset(0): Modeline "640x360"x59.3   17.75  640 688 720 800  360 363 368 374 +hsync -vsync (22.2 kHz d)
[    40.768] (II) modeset(0): Modeline "512x384"x120.0   32.50  512 524 592 672  384 385 388 403 doublescan -hsync -vsync (48.4 kHz d)
[    40.768] (II) modeset(0): Modeline "512x288"x120.0   23.25  512 532 580 648  288 289 292 299 doublescan -hsync +vsync (35.9 kHz d)
[    40.768] (II) modeset(0): Modeline "512x288"x119.8   21.00  512 536 552 592  288 289 292 296 doublescan +hsync -vsync (35.5 kHz d)
[    40.768] (II) modeset(0): Modeline "480x270"x119.3   20.38  480 496 544 608  270 271 274 281 doublescan -hsync +vsync (33.5 kHz d)
[    40.768] (II) modeset(0): Modeline "480x270"x119.6   18.62  480 504 520 560  270 271 274 278 doublescan +hsync -vsync (33.3 kHz d)
[    40.768] (II) modeset(0): Modeline "400x300"x120.6   20.00  400 420 484 528  300 300 302 314 doublescan +hsync +vsync (37.9 kHz d)
[    40.768] (II) modeset(0): Modeline "400x300"x112.7   18.00  400 412 448 512  300 300 301 312 doublescan +hsync +vsync (35.2 kHz d)
[    40.768] (II) modeset(0): Modeline "432x243"x119.8   16.25  432 444 484 536  243 244 247 253 doublescan -hsync +vsync (30.3 kHz d)
[    40.768] (II) modeset(0): Modeline "432x243"x119.1   15.25  432 456 472 512  243 244 247 250 doublescan +hsync -vsync (29.8 kHz d)
[    40.768] (II) modeset(0): Modeline "320x240"x120.1   12.59  320 328 376 400  240 245 246 262 doublescan -hsync -vsync (31.5 kHz d)
[    40.768] (II) modeset(0): Modeline "360x202"x119.0   11.25  360 372 404 448  202 204 206 211 doublescan -hsync +vsync (25.1 kHz d)
[    40.768] (II) modeset(0): Modeline "360x202"x118.3   10.88  360 384 400 440  202 204 206 209 doublescan +hsync -vsync (24.7 kHz d)
[    40.768] (II) modeset(0): Modeline "320x180"x119.7    9.00  320 332 360 400  180 181 184 188 doublescan -hsync +vsync (22.5 kHz d)
[    40.768] (II) modeset(0): Modeline "320x180"x118.6    8.88  320 344 360 400  180 181 184 187 doublescan +hsync -vsync (22.2 kHz d)
[    40.768] (II) modeset(0): EDID for output DP-1
[    40.770] (II) modeset(0): EDID for output HDMI-1
[    40.771] (II) modeset(0): EDID for output HDMI-2
[    40.771] (II) modeset(0): Output eDP-1 connected
[    40.771] (II) modeset(0): Output DP-1 disconnected
[    40.771] (II) modeset(0): Output HDMI-1 disconnected
[    40.771] (II) modeset(0): Output HDMI-2 disconnected
[    40.772] (II) modeset(0): Using exact sizes for initial modes
[    40.772] (II) modeset(0): Output eDP-1 using initial mode 1920x1080 +0+0
[    40.772] (==) modeset(0): Using gamma correction (1.0, 1.0, 1.0)
[    40.772] (==) modeset(0): DPI set to (96, 96)
[    40.772] (II) Loading sub module "fb"
[    40.772] (II) LoadModule: "fb"
[    40.772] (II) Loading /usr/lib/xorg/modules/libfb.so
[    40.785] (II) Module fb: vendor="X.Org Foundation"
[    40.785] 	compiled for 1.20.4, module version = 1.0.0
[    40.785] 	ABI class: X.Org ANSI C Emulation, version 0.4
[    40.785] (==) modeset(G0): Depth 24, (==) framebuffer bpp 32
[    40.785] (==) modeset(G0): RGB weight 888
[    40.785] (==) modeset(G0): Default visual is TrueColor
[    40.785] (II) Loading sub module "glamoregl"
[    40.785] (II) LoadModule: "glamoregl"
[    40.785] (II) Loading /usr/lib/xorg/modules/libglamoregl.so
[    40.785] (II) Module glamoregl: vendor="X.Org Foundation"
[    40.785] 	compiled for 1.20.4, module version = 1.0.1
[    40.785] 	ABI class: X.Org ANSI C Emulation, version 0.4
[    42.676] (II) modeset(G0): glamor X acceleration enabled on NV117
[    42.676] (II) modeset(G0): glamor initialized
[    42.676] (==) modeset(G0): Using gamma correction (1.0, 1.0, 1.0)
[    42.676] (==) modeset(G0): DPI set to (96, 96)
[    42.676] (II) Loading sub module "fb"
[    42.676] (II) LoadModule: "fb"
[    42.676] (II) Loading /usr/lib/xorg/modules/libfb.so
[    42.676] (II) Module fb: vendor="X.Org Foundation"
[    42.676] 	compiled for 1.20.4, module version = 1.0.0
[    42.676] 	ABI class: X.Org ANSI C Emulation, version 0.4
[    42.676] (II) UnloadModule: "fbdev"
[    42.676] (II) Unloading fbdev
[    42.677] (II) UnloadSubModule: "fbdevhw"
[    42.677] (II) Unloading fbdevhw
[    42.677] (II) UnloadModule: "vesa"
[    42.677] (II) Unloading vesa
[    42.754] (==) modeset(G0): Backing store enabled
[    42.754] (==) modeset(G0): Silken mouse enabled
[    42.754] (II) modeset(G0): Initializing kms color map for depth 24, 8 bpc.
[    42.754] (==) modeset(G0): DPMS enabled
[    42.755] (II) modeset(G0): [DRI2] Setup complete
[    42.755] (II) modeset(G0): [DRI2]   DRI driver: nouveau
[    42.755] (II) modeset(G0): [DRI2]   VDPAU driver: nouveau
[    42.801] (==) modeset(0): Backing store enabled
[    42.801] (==) modeset(0): Silken mouse enabled
[    42.858] (II) modeset(0): Initializing kms color map for depth 24, 8 bpc.
[    42.858] (==) modeset(0): DPMS enabled
[    42.859] (II) modeset(0): [DRI2] Setup complete
[    42.859] (II) modeset(0): [DRI2]   DRI driver: i965
[    42.859] (II) modeset(0): [DRI2]   VDPAU driver: i965
[    42.859] (II) Initializing extension Generic Event Extension
[    42.859] (II) Initializing extension SHAPE
[    42.859] (II) Initializing extension MIT-SHM
[    42.859] (II) Initializing extension XInputExtension
[    42.860] (II) Initializing extension XTEST
[    42.860] (II) Initializing extension BIG-REQUESTS
[    42.860] (II) Initializing extension SYNC
[    42.860] (II) Initializing extension XKEYBOARD
[    42.860] (II) Initializing extension XC-MISC
[    42.861] (II) Initializing extension SECURITY
[    42.861] (II) Initializing extension XFIXES
[    42.861] (II) Initializing extension RENDER
[    42.861] (II) Initializing extension RANDR
[    42.862] (II) Initializing extension COMPOSITE
[    42.862] (II) Initializing extension DAMAGE
[    42.862] (II) Initializing extension MIT-SCREEN-SAVER
[    42.862] (II) Initializing extension DOUBLE-BUFFER
[    42.862] (II) Initializing extension RECORD
[    42.862] (II) Initializing extension DPMS
[    42.863] (II) Initializing extension Present
[    42.863] (II) Initializing extension DRI3
[    42.863] (II) Initializing extension X-Resource
[    42.863] (II) Initializing extension XVideo
[    42.863] (II) Initializing extension XVideo-MotionCompensation
[    42.863] (II) Initializing extension SELinux
[    42.863] (II) SELinux: Disabled on system
[    42.863] (II) Initializing extension GLX
[    42.870] (II) AIGLX: Loaded and initialized i965
[    42.870] (II) GLX: Initialized DRI2 GL provider for screen 0
[    42.870] (II) Initializing extension XFree86-VidModeExtension
[    42.870] (II) Initializing extension XFree86-DGA
[    42.870] (II) Initializing extension XFree86-DRI
[    42.870] (II) Initializing extension DRI2
[    42.877] (II) modeset(G0): Damage tracking initialized
[    42.911] (II) modeset(0): Damage tracking initialized
[    42.911] (II) modeset(0): Setting screen physical size to 508 x 285
[    43.076] (II) config/udev: Adding input device Power Button (/dev/input/event3)
[    43.076] (**) Power Button: Applying InputClass "libinput keyboard catchall"
[    43.076] (II) LoadModule: "libinput"
[    43.076] (II) Loading /usr/lib/xorg/modules/input/libinput_drv.so
[    43.100] (II) Module libinput: vendor="X.Org Foundation"
[    43.100] 	compiled for 1.20.4, module version = 0.29.0
[    43.100] 	Module class: X.Org XInput Driver
[    43.100] 	ABI class: X.Org XInput driver, version 24.1
[    43.100] (II) Using input driver 'libinput' for 'Power Button'
[    43.101] (II) systemd-logind: got fd for /dev/input/event3 13:67 fd 29 paused 0
[    43.101] (**) Power Button: always reports core events
[    43.101] (**) Option "Device" "/dev/input/event3"
[    43.101] (**) Option "_source" "server/udev"
[    43.111] (II) event3  - Power Button: is tagged by udev as: Keyboard
[    43.111] (II) event3  - Power Button: device is a keyboard
[    43.111] (II) event3  - Power Button: device removed
[    43.111] (**) Option "config_info" "udev:/sys/devices/LNXSYSTM:00/LNXPWRBN:00/input/input6/event3"
[    43.111] (II) XINPUT: Adding extended input device "Power Button" (type: KEYBOARD, id 6)
[    43.111] (**) Option "xkb_layout" "us,ru"
[    43.111] (**) Option "xkb_variant" ","
[    43.128] (II) event3  - Power Button: is tagged by udev as: Keyboard
[    43.128] (II) event3  - Power Button: device is a keyboard
[    43.129] (II) config/udev: Adding input device Asus Wireless Radio Control (/dev/input/event11)
[    43.129] (**) Asus Wireless Radio Control: Applying InputClass "libinput keyboard catchall"
[    43.129] (II) Using input driver 'libinput' for 'Asus Wireless Radio Control'
[    43.131] (II) systemd-logind: got fd for /dev/input/event11 13:75 fd 32 paused 0
[    43.131] (**) Asus Wireless Radio Control: always reports core events
[    43.131] (**) Option "Device" "/dev/input/event11"
[    43.131] (**) Option "_source" "server/udev"
[    43.132] (II) event11 - Asus Wireless Radio Control: is tagged by udev as: Keyboard
[    43.132] (II) event11 - Asus Wireless Radio Control: device is a keyboard
[    43.132] (II) event11 - Asus Wireless Radio Control: device removed
[    43.132] (**) Option "config_info" "udev:/sys/devices/LNXSYSTM:00/LNXSYBUS:00/ATK4001:00/input/input20/event11"
[    43.132] (II) XINPUT: Adding extended input device "Asus Wireless Radio Control" (type: KEYBOARD, id 7)
[    43.132] (**) Option "xkb_layout" "us,ru"
[    43.132] (**) Option "xkb_variant" ","
[    43.133] (II) event11 - Asus Wireless Radio Control: is tagged by udev as: Keyboard
[    43.133] (II) event11 - Asus Wireless Radio Control: device is a keyboard
[    43.133] (II) config/udev: Adding input device Video Bus (/dev/input/event5)
[    43.134] (**) Video Bus: Applying InputClass "libinput keyboard catchall"
[    43.134] (II) Using input driver 'libinput' for 'Video Bus'
[    43.134] (II) systemd-logind: got fd for /dev/input/event5 13:69 fd 33 paused 0
[    43.134] (**) Video Bus: always reports core events
[    43.135] (**) Option "Device" "/dev/input/event5"
[    43.135] (**) Option "_source" "server/udev"
[    43.136] (II) event5  - Video Bus: is tagged by udev as: Keyboard
[    43.136] (II) event5  - Video Bus: device is a keyboard
[    43.136] (II) event5  - Video Bus: device removed
[    43.136] (**) Option "config_info" "udev:/sys/devices/LNXSYSTM:00/LNXSYBUS:00/PNP0A08:00/LNXVIDEO:01/input/input12/event5"
[    43.136] (II) XINPUT: Adding extended input device "Video Bus" (type: KEYBOARD, id 8)
[    43.136] (**) Option "xkb_layout" "us,ru"
[    43.136] (**) Option "xkb_variant" ","
[    43.137] (II) event5  - Video Bus: is tagged by udev as: Keyboard
[    43.137] (II) event5  - Video Bus: device is a keyboard
[    43.137] (II) config/udev: Adding input device Video Bus (/dev/input/event4)
[    43.138] (**) Video Bus: Applying InputClass "libinput keyboard catchall"
[    43.138] (II) Using input driver 'libinput' for 'Video Bus'
[    43.138] (II) systemd-logind: got fd for /dev/input/event4 13:68 fd 34 paused 0
[    43.138] (**) Video Bus: always reports core events
[    43.138] (**) Option "Device" "/dev/input/event4"
[    43.139] (**) Option "_source" "server/udev"
[    43.140] (II) event4  - Video Bus: is tagged by udev as: Keyboard
[    43.140] (II) event4  - Video Bus: device is a keyboard
[    43.140] (II) event4  - Video Bus: device removed
[    43.140] (**) Option "config_info" "udev:/sys/devices/LNXSYSTM:00/LNXSYBUS:00/PNP0A08:00/device:61/LNXVIDEO:00/input/input9/event4"
[    43.140] (II) XINPUT: Adding extended input device "Video Bus" (type: KEYBOARD, id 9)
[    43.140] (**) Option "xkb_layout" "us,ru"
[    43.140] (**) Option "xkb_variant" ","
[    43.141] (II) event4  - Video Bus: is tagged by udev as: Keyboard
[    43.141] (II) event4  - Video Bus: device is a keyboard
[    43.142] (II) config/udev: Adding input device Lid Switch (/dev/input/event1)
[    43.142] (II) No input driver specified, ignoring this device.
[    43.142] (II) This device may have been added with another device file.
[    43.142] (II) config/udev: Adding input device Sleep Button (/dev/input/event2)
[    43.142] (**) Sleep Button: Applying InputClass "libinput keyboard catchall"
[    43.142] (II) Using input driver 'libinput' for 'Sleep Button'
[    43.143] (II) systemd-logind: got fd for /dev/input/event2 13:66 fd 35 paused 0
[    43.143] (**) Sleep Button: always reports core events
[    43.143] (**) Option "Device" "/dev/input/event2"
[    43.143] (**) Option "_source" "server/udev"
[    43.144] (II) event2  - Sleep Button: is tagged by udev as: Keyboard
[    43.144] (II) event2  - Sleep Button: device is a keyboard
[    43.144] (II) event2  - Sleep Button: device removed
[    43.144] (**) Option "config_info" "udev:/sys/devices/LNXSYSTM:00/LNXSYBUS:00/PNP0C0E:00/input/input5/event2"
[    43.144] (II) XINPUT: Adding extended input device "Sleep Button" (type: KEYBOARD, id 10)
[    43.144] (**) Option "xkb_layout" "us,ru"
[    43.144] (**) Option "xkb_variant" ","
[    43.145] (II) event2  - Sleep Button: is tagged by udev as: Keyboard
[    43.145] (II) event2  - Sleep Button: device is a keyboard
[    43.146] (II) config/udev: Adding input device HDA Intel HDMI HDMI/DP,pcm=3 (/dev/input/event14)
[    43.146] (II) No input driver specified, ignoring this device.
[    43.146] (II) This device may have been added with another device file.
[    43.146] (II) config/udev: Adding input device HDA Intel HDMI HDMI/DP,pcm=7 (/dev/input/event15)
[    43.146] (II) No input driver specified, ignoring this device.
[    43.146] (II) This device may have been added with another device file.
[    43.146] (II) config/udev: Adding input device HDA Intel HDMI HDMI/DP,pcm=8 (/dev/input/event16)
[    43.146] (II) No input driver specified, ignoring this device.
[    43.146] (II) This device may have been added with another device file.
[    43.147] (II) config/udev: Adding input device HDA Intel HDMI HDMI/DP,pcm=9 (/dev/input/event17)
[    43.147] (II) No input driver specified, ignoring this device.
[    43.147] (II) This device may have been added with another device file.
[    43.147] (II) config/udev: Adding input device HDA Intel HDMI HDMI/DP,pcm=10 (/dev/input/event18)
[    43.147] (II) No input driver specified, ignoring this device.
[    43.147] (II) This device may have been added with another device file.
[    43.148] (II) config/udev: Adding input device Logitech USB Receiver (/dev/input/event6)
[    43.148] (**) Logitech USB Receiver: Applying InputClass "libinput keyboard catchall"
[    43.148] (II) Using input driver 'libinput' for 'Logitech USB Receiver'
[    43.149] (II) systemd-logind: got fd for /dev/input/event6 13:70 fd 36 paused 0
[    43.149] (**) Logitech USB Receiver: always reports core events
[    43.149] (**) Option "Device" "/dev/input/event6"
[    43.149] (**) Option "_source" "server/udev"
[    43.150] (II) event6  - Logitech USB Receiver: is tagged by udev as: Keyboard
[    43.150] (II) event6  - Logitech USB Receiver: device is a keyboard
[    43.151] (II) event6  - Logitech USB Receiver: device removed
[    43.151] (**) Option "config_info" "udev:/sys/devices/pci0000:00/0000:00:14.0/usb2/2-1/2-1:1.0/0003:046D:C52E.0001/input/input14/event6"
[    43.151] (II) XINPUT: Adding extended input device "Logitech USB Receiver" (type: KEYBOARD, id 11)
[    43.151] (**) Option "xkb_layout" "us,ru"
[    43.151] (**) Option "xkb_variant" ","
[    43.152] (II) event6  - Logitech USB Receiver: is tagged by udev as: Keyboard
[    43.152] (II) event6  - Logitech USB Receiver: device is a keyboard
[    43.153] (II) config/udev: Adding input device Logitech USB Receiver Mouse (/dev/input/event7)
[    43.153] (**) Logitech USB Receiver Mouse: Applying InputClass "libinput pointer catchall"
[    43.153] (II) Using input driver 'libinput' for 'Logitech USB Receiver Mouse'
[    43.153] (II) systemd-logind: got fd for /dev/input/event7 13:71 fd 37 paused 0
[    43.154] (**) Logitech USB Receiver Mouse: always reports core events
[    43.154] (**) Option "Device" "/dev/input/event7"
[    43.154] (**) Option "_source" "server/udev"
[    43.155] (II) event7  - Logitech USB Receiver Mouse: is tagged by udev as: Mouse
[    43.155] (II) event7  - Logitech USB Receiver Mouse: device is a pointer
[    43.155] (II) event7  - Logitech USB Receiver Mouse: device removed
[    43.155] (**) Option "config_info" "udev:/sys/devices/pci0000:00/0000:00:14.0/usb2/2-1/2-1:1.1/0003:046D:C52E.0002/input/input15/event7"
[    43.155] (II) XINPUT: Adding extended input device "Logitech USB Receiver Mouse" (type: MOUSE, id 12)
[    43.155] (**) Option "AccelerationScheme" "none"
[    43.155] (**) Logitech USB Receiver Mouse: (accel) selected scheme none/0
[    43.155] (**) Logitech USB Receiver Mouse: (accel) acceleration factor: 2.000
[    43.155] (**) Logitech USB Receiver Mouse: (accel) acceleration threshold: 4
[    43.156] (II) event7  - Logitech USB Receiver Mouse: is tagged by udev as: Mouse
[    43.156] (II) event7  - Logitech USB Receiver Mouse: device is a pointer
[    43.157] (II) config/udev: Adding input device Logitech USB Receiver Mouse (/dev/input/mouse0)
[    43.157] (II) No input driver specified, ignoring this device.
[    43.157] (II) This device may have been added with another device file.
[    43.157] (II) config/udev: Adding input device Logitech USB Receiver Consumer Control (/dev/input/event8)
[    43.158] (**) Logitech USB Receiver Consumer Control: Applying InputClass "libinput keyboard catchall"
[    43.158] (II) Using input driver 'libinput' for 'Logitech USB Receiver Consumer Control'
[    43.158] (II) systemd-logind: got fd for /dev/input/event8 13:72 fd 38 paused 0
[    43.158] (**) Logitech USB Receiver Consumer Control: always reports core events
[    43.159] (**) Option "Device" "/dev/input/event8"
[    43.159] (**) Option "_source" "server/udev"
[    43.160] (II) event8  - Logitech USB Receiver Consumer Control: is tagged by udev as: Keyboard
[    43.160] (II) event8  - Logitech USB Receiver Consumer Control: device is a keyboard
[    43.160] (II) event8  - Logitech USB Receiver Consumer Control: device removed
[    43.160] (II) libinput: Logitech USB Receiver Consumer Control: needs a virtual subdevice
[    43.160] (**) Option "config_info" "udev:/sys/devices/pci0000:00/0000:00:14.0/usb2/2-1/2-1:1.1/0003:046D:C52E.0002/input/input16/event8"
[    43.160] (II) XINPUT: Adding extended input device "Logitech USB Receiver Consumer Control" (type: MOUSE, id 13)
[    43.160] (**) Option "AccelerationScheme" "none"
[    43.160] (**) Logitech USB Receiver Consumer Control: (accel) selected scheme none/0
[    43.160] (**) Logitech USB Receiver Consumer Control: (accel) acceleration factor: 2.000
[    43.160] (**) Logitech USB Receiver Consumer Control: (accel) acceleration threshold: 4
[    43.161] (II) event8  - Logitech USB Receiver Consumer Control: is tagged by udev as: Keyboard
[    43.161] (II) event8  - Logitech USB Receiver Consumer Control: device is a keyboard
[    43.162] (II) config/udev: Adding input device Logitech USB Receiver System Control (/dev/input/event9)
[    43.162] (**) Logitech USB Receiver System Control: Applying InputClass "libinput keyboard catchall"
[    43.162] (II) Using input driver 'libinput' for 'Logitech USB Receiver System Control'
[    43.163] (II) systemd-logind: got fd for /dev/input/event9 13:73 fd 39 paused 0
[    43.163] (**) Logitech USB Receiver System Control: always reports core events
[    43.163] (**) Option "Device" "/dev/input/event9"
[    43.163] (**) Option "_source" "server/udev"
[    43.164] (II) event9  - Logitech USB Receiver System Control: is tagged by udev as: Keyboard
[    43.164] (II) event9  - Logitech USB Receiver System Control: device is a keyboard
[    43.164] (II) event9  - Logitech USB Receiver System Control: device removed
[    43.164] (**) Option "config_info" "udev:/sys/devices/pci0000:00/0000:00:14.0/usb2/2-1/2-1:1.1/0003:046D:C52E.0002/input/input17/event9"
[    43.164] (II) XINPUT: Adding extended input device "Logitech USB Receiver System Control" (type: KEYBOARD, id 14)
[    43.164] (**) Option "xkb_layout" "us,ru"
[    43.164] (**) Option "xkb_variant" ","
[    43.165] (II) event9  - Logitech USB Receiver System Control: is tagged by udev as: Keyboard
[    43.165] (II) event9  - Logitech USB Receiver System Control: device is a keyboard
[    43.166] (II) config/udev: Adding input device USB2.0 HD UVC WebCam: USB2.0 HD (/dev/input/event19)
[    43.166] (**) USB2.0 HD UVC WebCam: USB2.0 HD: Applying InputClass "libinput keyboard catchall"
[    43.166] (II) Using input driver 'libinput' for 'USB2.0 HD UVC WebCam: USB2.0 HD'
[    43.167] (II) systemd-logind: got fd for /dev/input/event19 13:83 fd 40 paused 0
[    43.167] (**) USB2.0 HD UVC WebCam: USB2.0 HD: always reports core events
[    43.167] (**) Option "Device" "/dev/input/event19"
[    43.167] (**) Option "_source" "server/udev"
[    43.168] (II) event19 - USB2.0 HD UVC WebCam: USB2.0 HD: is tagged by udev as: Keyboard
[    43.168] (II) event19 - USB2.0 HD UVC WebCam: USB2.0 HD: device is a keyboard
[    43.168] (II) event19 - USB2.0 HD UVC WebCam: USB2.0 HD: device removed
[    43.168] (**) Option "config_info" "udev:/sys/devices/pci0000:00/0000:00:14.0/usb2/2-7/2-7:1.0/input/input28/event19"
[    43.168] (II) XINPUT: Adding extended input device "USB2.0 HD UVC WebCam: USB2.0 HD" (type: KEYBOARD, id 15)
[    43.168] (**) Option "xkb_layout" "us,ru"
[    43.168] (**) Option "xkb_variant" ","
[    43.169] (II) event19 - USB2.0 HD UVC WebCam: USB2.0 HD: is tagged by udev as: Keyboard
[    43.169] (II) event19 - USB2.0 HD UVC WebCam: USB2.0 HD: device is a keyboard
[    43.169] (II) config/udev: Adding input device HDA Intel PCH Headphone (/dev/input/event20)
[    43.169] (II) No input driver specified, ignoring this device.
[    43.169] (II) This device may have been added with another device file.
[    43.170] (II) config/udev: Adding input device Asus WMI hotkeys (/dev/input/event13)
[    43.170] (**) Asus WMI hotkeys: Applying InputClass "libinput keyboard catchall"
[    43.170] (II) Using input driver 'libinput' for 'Asus WMI hotkeys'
[    43.170] (II) systemd-logind: got fd for /dev/input/event13 13:77 fd 41 paused 0
[    43.170] (**) Asus WMI hotkeys: always reports core events
[    43.170] (**) Option "Device" "/dev/input/event13"
[    43.170] (**) Option "_source" "server/udev"
[    43.171] (II) event13 - Asus WMI hotkeys: is tagged by udev as: Keyboard
[    43.171] (II) event13 - Asus WMI hotkeys: device is a keyboard
[    43.171] (II) event13 - Asus WMI hotkeys: device removed
[    43.171] (**) Option "config_info" "udev:/sys/devices/platform/asus-nb-wmi/input/input22/event13"
[    43.171] (II) XINPUT: Adding extended input device "Asus WMI hotkeys" (type: KEYBOARD, id 16)
[    43.171] (**) Option "xkb_layout" "us,ru"
[    43.171] (**) Option "xkb_variant" ","
[    43.172] (II) event13 - Asus WMI hotkeys: is tagged by udev as: Keyboard
[    43.172] (II) event13 - Asus WMI hotkeys: device is a keyboard
[    43.173] (II) config/udev: Adding input device AT Translated Set 2 keyboard (/dev/input/event0)
[    43.173] (**) AT Translated Set 2 keyboard: Applying InputClass "libinput keyboard catchall"
[    43.173] (II) Using input driver 'libinput' for 'AT Translated Set 2 keyboard'
[    43.173] (II) systemd-logind: got fd for /dev/input/event0 13:64 fd 42 paused 0
[    43.173] (**) AT Translated Set 2 keyboard: always reports core events
[    43.173] (**) Option "Device" "/dev/input/event0"
[    43.173] (**) Option "_source" "server/udev"
[    43.174] (II) event0  - AT Translated Set 2 keyboard: is tagged by udev as: Keyboard
[    43.174] (II) event0  - AT Translated Set 2 keyboard: device is a keyboard
[    43.175] (II) event0  - AT Translated Set 2 keyboard: device removed
[    43.175] (**) Option "config_info" "udev:/sys/devices/platform/i8042/serio0/input/input0/event0"
[    43.175] (II) XINPUT: Adding extended input device "AT Translated Set 2 keyboard" (type: KEYBOARD, id 17)
[    43.175] (**) Option "xkb_layout" "us,ru"
[    43.175] (**) Option "xkb_variant" ","
[    43.176] (II) event0  - AT Translated Set 2 keyboard: is tagged by udev as: Keyboard
[    43.176] (II) event0  - AT Translated Set 2 keyboard: device is a keyboard
[    43.177] (II) config/udev: Adding input device ETPS/2 Elantech Touchpad (/dev/input/event10)
[    43.177] (**) ETPS/2 Elantech Touchpad: Applying InputClass "libinput touchpad catchall"
[    43.177] (II) Using input driver 'libinput' for 'ETPS/2 Elantech Touchpad'
[    43.178] (II) systemd-logind: got fd for /dev/input/event10 13:74 fd 43 paused 0
[    43.178] (**) ETPS/2 Elantech Touchpad: always reports core events
[    43.179] (**) Option "Device" "/dev/input/event10"
[    43.179] (**) Option "_source" "server/udev"
[    43.180] (II) event10 - ETPS/2 Elantech Touchpad: is tagged by udev as: Touchpad
[    43.181] (II) event10 - ETPS/2 Elantech Touchpad: device is a touchpad
[    43.181] (II) event10 - ETPS/2 Elantech Touchpad: device removed
[    43.181] (**) Option "config_info" "udev:/sys/devices/platform/i8042/serio4/input/input13/event10"
[    43.181] (II) XINPUT: Adding extended input device "ETPS/2 Elantech Touchpad" (type: TOUCHPAD, id 18)
[    43.182] (**) Option "AccelerationScheme" "none"
[    43.182] (**) ETPS/2 Elantech Touchpad: (accel) selected scheme none/0
[    43.182] (**) ETPS/2 Elantech Touchpad: (accel) acceleration factor: 2.000
[    43.182] (**) ETPS/2 Elantech Touchpad: (accel) acceleration threshold: 4
[    43.183] (II) event10 - ETPS/2 Elantech Touchpad: is tagged by udev as: Touchpad
[    43.184] (II) event10 - ETPS/2 Elantech Touchpad: device is a touchpad
[    43.185] (II) config/udev: Adding input device ETPS/2 Elantech Touchpad (/dev/input/mouse1)
[    43.185] (II) No input driver specified, ignoring this device.
[    43.185] (II) This device may have been added with another device file.
[    43.185] (II) config/udev: Adding input device PC Speaker (/dev/input/event12)
[    43.185] (II) No input driver specified, ignoring this device.
[    43.185] (II) This device may have been added with another device file.
[    43.189] (**) Logitech USB Receiver Consumer Control: Applying InputClass "libinput keyboard catchall"
[    43.189] (II) Using input driver 'libinput' for 'Logitech USB Receiver Consumer Control'
[    43.189] (II) systemd-logind: returning pre-existing fd for /dev/input/event8 13:72
[    43.189] (**) Logitech USB Receiver Consumer Control: always reports core events
[    43.189] (**) Option "Device" "/dev/input/event8"
[    43.189] (**) Option "_source" "_driver/libinput"
[    43.189] (II) libinput: Logitech USB Receiver Consumer Control: is a virtual subdevice
[    43.189] (**) Option "config_info" "udev:/sys/devices/pci0000:00/0000:00:14.0/usb2/2-1/2-1:1.1/0003:046D:C52E.0002/input/input16/event8"
[    43.189] (II) XINPUT: Adding extended input device "Logitech USB Receiver Consumer Control" (type: KEYBOARD, id 19)
[    43.189] (**) Option "xkb_layout" "us,ru"
[    43.189] (**) Option "xkb_variant" ","
[    44.943] (II) modeset(0): EDID vendor "SDC", prod id 12876
[    44.943] (II) modeset(0): Printing DDC gathered Modelines:
[    44.943] (II) modeset(0): Modeline "1920x1080"x0.0  143.00  1920 1968 2000 2080  1080 1082 1087 1144 -hsync -vsync (68.8 kHz eP)