F = 0,467620 Window = FIXED k = 1 Distance = MANHATTAN Kernel = UNIFORM result = 909/2000
F = 0,470238 Window = FIXED k = 1 Distance = MANHATTAN Kernel = TRIANGULAR result = 917/2000
F = 0,470238 Window = FIXED k = 1 Distance = MANHATTAN Kernel = EPANECHNIKOV result = 917/2000
F = 0,470763 Window = FIXED k = 1 Distance = MANHATTAN Kernel = QUARTIC result = 918/2000
F = 0,470763 Window = FIXED k = 1 Distance = MANHATTAN Kernel = TRIWEIGHT result = 918/2000
F = 0,470763 Window = FIXED k = 1 Distance = MANHATTAN Kernel = TRICUBE result = 918/2000
F = 0,429646 Window = FIXED k = 1 Distance = MANHATTAN Kernel = GAUSSIAN result = 794/2000
F = 0,470238 Window = FIXED k = 1 Distance = MANHATTAN Kernel = COSINE result = 917/2000
F = 0,407258 Window = FIXED k = 1 Distance = MANHATTAN Kernel = LOGISTIC result = 736/2000
F = 0,408046 Window = FIXED k = 1 Distance = MANHATTAN Kernel = SIGMOID result = 745/2000
F = 0,478351 Window = FIXED k = 1 Distance = EUCLIDEAN Kernel = UNIFORM result = 936/2000
F = 0,480950 Window = FIXED k = 1 Distance = EUCLIDEAN Kernel = TRIANGULAR result = 943/2000
F = 0,480950 Window = FIXED k = 1 Distance = EUCLIDEAN Kernel = EPANECHNIKOV result = 943/2000
F = 0,480950 Window = FIXED k = 1 Distance = EUCLIDEAN Kernel = QUARTIC result = 943/2000
F = 0,480950 Window = FIXED k = 1 Distance = EUCLIDEAN Kernel = TRIWEIGHT result = 943/2000
F = 0,480950 Window = FIXED k = 1 Distance = EUCLIDEAN Kernel = TRICUBE result = 943/2000
F = 0,420822 Window = FIXED k = 1 Distance = EUCLIDEAN Kernel = GAUSSIAN result = 772/2000
F = 0,480950 Window = FIXED k = 1 Distance = EUCLIDEAN Kernel = COSINE result = 943/2000
F = 0,389315 Window = FIXED k = 1 Distance = EUCLIDEAN Kernel = LOGISTIC result = 683/2000
F = 0,392628 Window = FIXED k = 1 Distance = EUCLIDEAN Kernel = SIGMOID result = 698/2000
F = 0,440475 Window = FIXED k = 1 Distance = CHEBYSHEV Kernel = UNIFORM result = 817/2000
F = 0,445106 Window = FIXED k = 1 Distance = CHEBYSHEV Kernel = TRIANGULAR result = 832/2000
F = 0,445106 Window = FIXED k = 1 Distance = CHEBYSHEV Kernel = EPANECHNIKOV result = 832/2000
F = 0,445106 Window = FIXED k = 1 Distance = CHEBYSHEV Kernel = QUARTIC result = 832/2000
F = 0,445106 Window = FIXED k = 1 Distance = CHEBYSHEV Kernel = TRIWEIGHT result = 832/2000
F = 0,445106 Window = FIXED k = 1 Distance = CHEBYSHEV Kernel = TRICUBE result = 832/2000
F = 0,420363 Window = FIXED k = 1 Distance = CHEBYSHEV Kernel = GAUSSIAN result = 762/2000
F = 0,445106 Window = FIXED k = 1 Distance = CHEBYSHEV Kernel = COSINE result = 832/2000
F = 0,394106 Window = FIXED k = 1 Distance = CHEBYSHEV Kernel = LOGISTIC result = 683/2000
F = 0,388030 Window = FIXED k = 1 Distance = CHEBYSHEV Kernel = SIGMOID result = 680/2000
F = 0,422145 Window = FIXED k = 3 Distance = MANHATTAN Kernel = UNIFORM result = 772/2000
F = 0,450596 Window = FIXED k = 3 Distance = MANHATTAN Kernel = TRIANGULAR result = 860/2000
F = 0,441024 Window = FIXED k = 3 Distance = MANHATTAN Kernel = EPANECHNIKOV result = 836/2000
F = 0,454511 Window = FIXED k = 3 Distance = MANHATTAN Kernel = QUARTIC result = 876/2000
F = 0,459634 Window = FIXED k = 3 Distance = MANHATTAN Kernel = TRIWEIGHT result = 894/2000
F = 0,450559 Window = FIXED k = 3 Distance = MANHATTAN Kernel = TRICUBE result = 869/2000
F = 0,430139 Window = FIXED k = 3 Distance = MANHATTAN Kernel = GAUSSIAN result = 772/2000
F = 0,443091 Window = FIXED k = 3 Distance = MANHATTAN Kernel = COSINE result = 841/2000
F = 0,391158 Window = FIXED k = 3 Distance = MANHATTAN Kernel = LOGISTIC result = 683/2000
F = 0,394090 Window = FIXED k = 3 Distance = MANHATTAN Kernel = SIGMOID result = 698/2000
F = 0,417402 Window = FIXED k = 3 Distance = EUCLIDEAN Kernel = UNIFORM result = 764/2000
F = 0,446195 Window = FIXED k = 3 Distance = EUCLIDEAN Kernel = TRIANGULAR result = 857/2000
F = 0,440343 Window = FIXED k = 3 Distance = EUCLIDEAN Kernel = EPANECHNIKOV result = 840/2000
F = 0,452131 Window = FIXED k = 3 Distance = EUCLIDEAN Kernel = QUARTIC result = 875/2000
F = 0,460789 Window = FIXED k = 3 Distance = EUCLIDEAN Kernel = TRIWEIGHT result = 902/2000
F = 0,453758 Window = FIXED k = 3 Distance = EUCLIDEAN Kernel = TRICUBE result = 879/2000
F = 0,412779 Window = FIXED k = 3 Distance = EUCLIDEAN Kernel = GAUSSIAN result = 750/2000
F = 0,441827 Window = FIXED k = 3 Distance = EUCLIDEAN Kernel = COSINE result = 844/2000
F = 0,381487 Window = FIXED k = 3 Distance = EUCLIDEAN Kernel = LOGISTIC result = 644/2000
F = 0,377218 Window = FIXED k = 3 Distance = EUCLIDEAN Kernel = SIGMOID result = 648/2000
F = 0,417423 Window = FIXED k = 3 Distance = CHEBYSHEV Kernel = UNIFORM result = 759/2000
F = 0,444518 Window = FIXED k = 3 Distance = CHEBYSHEV Kernel = TRIANGULAR result = 839/2000
F = 0,440252 Window = FIXED k = 3 Distance = CHEBYSHEV Kernel = EPANECHNIKOV result = 825/2000
F = 0,449400 Window = FIXED k = 3 Distance = CHEBYSHEV Kernel = QUARTIC result = 851/2000
F = 0,456754 Window = FIXED k = 3 Distance = CHEBYSHEV Kernel = TRIWEIGHT result = 872/2000
F = 0,449770 Window = FIXED k = 3 Distance = CHEBYSHEV Kernel = TRICUBE result = 851/2000
F = 0,400780 Window = FIXED k = 3 Distance = CHEBYSHEV Kernel = GAUSSIAN result = 713/2000
F = 0,441579 Window = FIXED k = 3 Distance = CHEBYSHEV Kernel = COSINE result = 829/2000
F = 0,373619 Window = FIXED k = 3 Distance = CHEBYSHEV Kernel = LOGISTIC result = 627/2000
F = 0,369603 Window = FIXED k = 3 Distance = CHEBYSHEV Kernel = SIGMOID result = 628/2000
F = 0,444254 Window = FIXED k = 5 Distance = MANHATTAN Kernel = UNIFORM result = 828/2000
F = 0,445503 Window = FIXED k = 5 Distance = MANHATTAN Kernel = TRIANGULAR result = 837/2000
F = 0,441791 Window = FIXED k = 5 Distance = MANHATTAN Kernel = EPANECHNIKOV result = 825/2000
F = 0,446440 Window = FIXED k = 5 Distance = MANHATTAN Kernel = QUARTIC result = 848/2000
F = 0,455998 Window = FIXED k = 5 Distance = MANHATTAN Kernel = TRIWEIGHT result = 874/2000
F = 0,448200 Window = FIXED k = 5 Distance = MANHATTAN Kernel = TRICUBE result = 853/2000
F = 0,411477 Window = FIXED k = 5 Distance = MANHATTAN Kernel = GAUSSIAN result = 750/2000
F = 0,443052 Window = FIXED k = 5 Distance = MANHATTAN Kernel = COSINE result = 827/2000
F = 0,378866 Window = FIXED k = 5 Distance = MANHATTAN Kernel = LOGISTIC result = 639/2000
F = 0,383933 Window = FIXED k = 5 Distance = MANHATTAN Kernel = SIGMOID result = 661/2000
F = 0,455121 Window = FIXED k = 5 Distance = EUCLIDEAN Kernel = UNIFORM result = 857/2000
F = 0,444992 Window = FIXED k = 5 Distance = EUCLIDEAN Kernel = TRIANGULAR result = 839/2000
F = 0,441017 Window = FIXED k = 5 Distance = EUCLIDEAN Kernel = EPANECHNIKOV result = 830/2000
F = 0,454100 Window = FIXED k = 5 Distance = EUCLIDEAN Kernel = QUARTIC result = 863/2000
F = 0,452207 Window = FIXED k = 5 Distance = EUCLIDEAN Kernel = TRIWEIGHT result = 871/2000
F = 0,450144 Window = FIXED k = 5 Distance = EUCLIDEAN Kernel = TRICUBE result = 858/2000
F = 0,401969 Window = FIXED k = 5 Distance = EUCLIDEAN Kernel = GAUSSIAN result = 717/2000
F = 0,439623 Window = FIXED k = 5 Distance = EUCLIDEAN Kernel = COSINE result = 830/2000
F = 0,369205 Window = FIXED k = 5 Distance = EUCLIDEAN Kernel = LOGISTIC result = 606/2000
F = 0,370460 Window = FIXED k = 5 Distance = EUCLIDEAN Kernel = SIGMOID result = 618/2000
F = 0,433149 Window = FIXED k = 5 Distance = CHEBYSHEV Kernel = UNIFORM result = 789/2000
F = 0,445391 Window = FIXED k = 5 Distance = CHEBYSHEV Kernel = TRIANGULAR result = 836/2000
F = 0,442252 Window = FIXED k = 5 Distance = CHEBYSHEV Kernel = EPANECHNIKOV result = 825/2000
F = 0,451283 Window = FIXED k = 5 Distance = CHEBYSHEV Kernel = QUARTIC result = 850/2000
F = 0,449188 Window = FIXED k = 5 Distance = CHEBYSHEV Kernel = TRIWEIGHT result = 854/2000
F = 0,450814 Window = FIXED k = 5 Distance = CHEBYSHEV Kernel = TRICUBE result = 850/2000
F = 0,392607 Window = FIXED k = 5 Distance = CHEBYSHEV Kernel = GAUSSIAN result = 689/2000
F = 0,442468 Window = FIXED k = 5 Distance = CHEBYSHEV Kernel = COSINE result = 828/2000
F = 0,353464 Window = FIXED k = 5 Distance = CHEBYSHEV Kernel = LOGISTIC result = 576/2000
F = 0,354559 Window = FIXED k = 5 Distance = CHEBYSHEV Kernel = SIGMOID result = 585/2000
F = 0,440634 Window = FIXED k = 7 Distance = MANHATTAN Kernel = UNIFORM result = 796/2000
F = 0,446198 Window = FIXED k = 7 Distance = MANHATTAN Kernel = TRIANGULAR result = 831/2000
F = 0,443746 Window = FIXED k = 7 Distance = MANHATTAN Kernel = EPANECHNIKOV result = 818/2000
F = 0,443107 Window = FIXED k = 7 Distance = MANHATTAN Kernel = QUARTIC result = 832/2000
F = 0,450577 Window = FIXED k = 7 Distance = MANHATTAN Kernel = TRIWEIGHT result = 854/2000
F = 0,442750 Window = FIXED k = 7 Distance = MANHATTAN Kernel = TRICUBE result = 834/2000
F = 0,414933 Window = FIXED k = 7 Distance = MANHATTAN Kernel = GAUSSIAN result = 743/2000
F = 0,442811 Window = FIXED k = 7 Distance = MANHATTAN Kernel = COSINE result = 822/2000
F = 0,376054 Window = FIXED k = 7 Distance = MANHATTAN Kernel = LOGISTIC result = 620/2000
F = 0,379873 Window = FIXED k = 7 Distance = MANHATTAN Kernel = SIGMOID result = 641/2000
F = 0,442741 Window = FIXED k = 7 Distance = EUCLIDEAN Kernel = UNIFORM result = 791/2000
F = 0,453741 Window = FIXED k = 7 Distance = EUCLIDEAN Kernel = TRIANGULAR result = 853/2000
F = 0,457310 Window = FIXED k = 7 Distance = EUCLIDEAN Kernel = EPANECHNIKOV result = 849/2000
F = 0,455650 Window = FIXED k = 7 Distance = EUCLIDEAN Kernel = QUARTIC result = 854/2000
F = 0,449986 Window = FIXED k = 7 Distance = EUCLIDEAN Kernel = TRIWEIGHT result = 856/2000
F = 0,452432 Window = FIXED k = 7 Distance = EUCLIDEAN Kernel = TRICUBE result = 849/2000
F = 0,404037 Window = FIXED k = 7 Distance = EUCLIDEAN Kernel = GAUSSIAN result = 706/2000
F = 0,456186 Window = FIXED k = 7 Distance = EUCLIDEAN Kernel = COSINE result = 854/2000
F = 0,369261 Window = FIXED k = 7 Distance = EUCLIDEAN Kernel = LOGISTIC result = 592/2000
F = 0,371167 Window = FIXED k = 7 Distance = EUCLIDEAN Kernel = SIGMOID result = 604/2000
F = 0,438277 Window = FIXED k = 7 Distance = CHEBYSHEV Kernel = UNIFORM result = 791/2000
F = 0,454219 Window = FIXED k = 7 Distance = CHEBYSHEV Kernel = TRIANGULAR result = 844/2000
F = 0,451838 Window = FIXED k = 7 Distance = CHEBYSHEV Kernel = EPANECHNIKOV result = 836/2000
F = 0,454131 Window = FIXED k = 7 Distance = CHEBYSHEV Kernel = QUARTIC result = 846/2000
F = 0,452144 Window = FIXED k = 7 Distance = CHEBYSHEV Kernel = TRIWEIGHT result = 852/2000
F = 0,453335 Window = FIXED k = 7 Distance = CHEBYSHEV Kernel = TRICUBE result = 848/2000
F = 0,392498 Window = FIXED k = 7 Distance = CHEBYSHEV Kernel = GAUSSIAN result = 676/2000
F = 0,453803 Window = FIXED k = 7 Distance = CHEBYSHEV Kernel = COSINE result = 843/2000
F = 0,352848 Window = FIXED k = 7 Distance = CHEBYSHEV Kernel = LOGISTIC result = 557/2000
F = 0,358753 Window = FIXED k = 7 Distance = CHEBYSHEV Kernel = SIGMOID result = 573/2000
F = 0,440624 Window = FIXED k = 9 Distance = MANHATTAN Kernel = UNIFORM result = 817/2000
F = 0,459656 Window = FIXED k = 9 Distance = MANHATTAN Kernel = TRIANGULAR result = 849/2000
F = 0,450325 Window = FIXED k = 9 Distance = MANHATTAN Kernel = EPANECHNIKOV result = 826/2000
F = 0,454456 Window = FIXED k = 9 Distance = MANHATTAN Kernel = QUARTIC result = 845/2000
F = 0,449689 Window = FIXED k = 9 Distance = MANHATTAN Kernel = TRIWEIGHT result = 848/2000
F = 0,449776 Window = FIXED k = 9 Distance = MANHATTAN Kernel = TRICUBE result = 842/2000
F = 0,405922 Window = FIXED k = 9 Distance = MANHATTAN Kernel = GAUSSIAN result = 716/2000
F = 0,451894 Window = FIXED k = 9 Distance = MANHATTAN Kernel = COSINE result = 832/2000
F = 0,370578 Window = FIXED k = 9 Distance = MANHATTAN Kernel = LOGISTIC result = 604/2000
F = 0,375801 Window = FIXED k = 9 Distance = MANHATTAN Kernel = SIGMOID result = 624/2000
F = 0,491828 Window = FIXED k = 9 Distance = EUCLIDEAN Kernel = UNIFORM result = 843/2000
F = 0,463344 Window = FIXED k = 9 Distance = EUCLIDEAN Kernel = TRIANGULAR result = 854/2000
F = 0,460422 Window = FIXED k = 9 Distance = EUCLIDEAN Kernel = EPANECHNIKOV result = 851/2000
F = 0,460658 Window = FIXED k = 9 Distance = EUCLIDEAN Kernel = QUARTIC result = 862/2000
F = 0,458474 Window = FIXED k = 9 Distance = EUCLIDEAN Kernel = TRIWEIGHT result = 865/2000
F = 0,458481 Window = FIXED k = 9 Distance = EUCLIDEAN Kernel = TRICUBE result = 857/2000
F = 0,404822 Window = FIXED k = 9 Distance = EUCLIDEAN Kernel = GAUSSIAN result = 701/2000
F = 0,459126 Window = FIXED k = 9 Distance = EUCLIDEAN Kernel = COSINE result = 848/2000
F = 0,353995 Window = FIXED k = 9 Distance = EUCLIDEAN Kernel = LOGISTIC result = 559/2000
F = 0,361001 Window = FIXED k = 9 Distance = EUCLIDEAN Kernel = SIGMOID result = 578/2000
F = 0,432933 Window = FIXED k = 9 Distance = CHEBYSHEV Kernel = UNIFORM result = 778/2000
F = 0,449115 Window = FIXED k = 9 Distance = CHEBYSHEV Kernel = TRIANGULAR result = 829/2000
F = 0,447727 Window = FIXED k = 9 Distance = CHEBYSHEV Kernel = EPANECHNIKOV result = 826/2000
F = 0,460892 Window = FIXED k = 9 Distance = CHEBYSHEV Kernel = QUARTIC result = 855/2000
F = 0,453720 Window = FIXED k = 9 Distance = CHEBYSHEV Kernel = TRIWEIGHT result = 852/2000
F = 0,456689 Window = FIXED k = 9 Distance = CHEBYSHEV Kernel = TRICUBE result = 850/2000
F = 0,398774 Window = FIXED k = 9 Distance = CHEBYSHEV Kernel = GAUSSIAN result = 683/2000
F = 0,448145 Window = FIXED k = 9 Distance = CHEBYSHEV Kernel = COSINE result = 830/2000
F = 0,340074 Window = FIXED k = 9 Distance = CHEBYSHEV Kernel = LOGISTIC result = 526/2000
F = 0,349658 Window = FIXED k = 9 Distance = CHEBYSHEV Kernel = SIGMOID result = 549/2000
F = 0,447068 Window = FIXED k = 10 Distance = MANHATTAN Kernel = UNIFORM result = 804/2000
F = 0,455205 Window = FIXED k = 10 Distance = MANHATTAN Kernel = TRIANGULAR result = 839/2000
F = 0,439140 Window = FIXED k = 10 Distance = MANHATTAN Kernel = EPANECHNIKOV result = 815/2000
F = 0,458406 Window = FIXED k = 10 Distance = MANHATTAN Kernel = QUARTIC result = 847/2000
F = 0,453874 Window = FIXED k = 10 Distance = MANHATTAN Kernel = TRIWEIGHT result = 853/2000
F = 0,454640 Window = FIXED k = 10 Distance = MANHATTAN Kernel = TRICUBE result = 842/2000
F = 0,403907 Window = FIXED k = 10 Distance = MANHATTAN Kernel = GAUSSIAN result = 708/2000
F = 0,443074 Window = FIXED k = 10 Distance = MANHATTAN Kernel = COSINE result = 817/2000
F = 0,372106 Window = FIXED k = 10 Distance = MANHATTAN Kernel = LOGISTIC result = 603/2000
F = 0,376932 Window = FIXED k = 10 Distance = MANHATTAN Kernel = SIGMOID result = 623/2000
F = 0,477250 Window = FIXED k = 10 Distance = EUCLIDEAN Kernel = UNIFORM result = 805/2000
F = 0,459639 Window = FIXED k = 10 Distance = EUCLIDEAN Kernel = TRIANGULAR result = 849/2000
F = 0,458432 Window = FIXED k = 10 Distance = EUCLIDEAN Kernel = EPANECHNIKOV result = 838/2000
F = 0,461113 Window = FIXED k = 10 Distance = EUCLIDEAN Kernel = QUARTIC result = 861/2000
F = 0,455243 Window = FIXED k = 10 Distance = EUCLIDEAN Kernel = TRIWEIGHT result = 858/2000
F = 0,455238 Window = FIXED k = 10 Distance = EUCLIDEAN Kernel = TRICUBE result = 852/2000
F = 0,406112 Window = FIXED k = 10 Distance = EUCLIDEAN Kernel = GAUSSIAN result = 703/2000
F = 0,454977 Window = FIXED k = 10 Distance = EUCLIDEAN Kernel = COSINE result = 838/2000
F = 0,348849 Window = FIXED k = 10 Distance = EUCLIDEAN Kernel = LOGISTIC result = 544/2000
F = 0,354762 Window = FIXED k = 10 Distance = EUCLIDEAN Kernel = SIGMOID result = 565/2000
F = 0,432186 Window = FIXED k = 10 Distance = CHEBYSHEV Kernel = UNIFORM result = 772/2000
F = 0,446024 Window = FIXED k = 10 Distance = CHEBYSHEV Kernel = TRIANGULAR result = 818/2000
F = 0,444620 Window = FIXED k = 10 Distance = CHEBYSHEV Kernel = EPANECHNIKOV result = 813/2000
F = 0,456736 Window = FIXED k = 10 Distance = CHEBYSHEV Kernel = QUARTIC result = 842/2000
F = 0,454144 Window = FIXED k = 10 Distance = CHEBYSHEV Kernel = TRIWEIGHT result = 850/2000
F = 0,454482 Window = FIXED k = 10 Distance = CHEBYSHEV Kernel = TRICUBE result = 841/2000
F = 0,395742 Window = FIXED k = 10 Distance = CHEBYSHEV Kernel = GAUSSIAN result = 675/2000
F = 0,446295 Window = FIXED k = 10 Distance = CHEBYSHEV Kernel = COSINE result = 820/2000
F = 0,337677 Window = FIXED k = 10 Distance = CHEBYSHEV Kernel = LOGISTIC result = 518/2000
F = 0,346189 Window = FIXED k = 10 Distance = CHEBYSHEV Kernel = SIGMOID result = 539/2000
F = 0,373060 Window = VARIABLE k = 1 Distance = MANHATTAN Kernel = UNIFORM result = 552/2000
F = 0,420046 Window = VARIABLE k = 1 Distance = MANHATTAN Kernel = TRIANGULAR result = 632/2000
F = 0,415974 Window = VARIABLE k = 1 Distance = MANHATTAN Kernel = EPANECHNIKOV result = 623/2000
F = 0,431134 Window = VARIABLE k = 1 Distance = MANHATTAN Kernel = QUARTIC result = 655/2000
F = 0,446720 Window = VARIABLE k = 1 Distance = MANHATTAN Kernel = TRIWEIGHT result = 682/2000
F = 0,440916 Window = VARIABLE k = 1 Distance = MANHATTAN Kernel = TRICUBE result = 664/2000
F = 0,067586 Window = VARIABLE k = 1 Distance = MANHATTAN Kernel = GAUSSIAN result = 403/2000
F = 0,420948 Window = VARIABLE k = 1 Distance = MANHATTAN Kernel = COSINE result = 632/2000
F = 0,067586 Window = VARIABLE k = 1 Distance = MANHATTAN Kernel = LOGISTIC result = 403/2000
F = 0,067586 Window = VARIABLE k = 1 Distance = MANHATTAN Kernel = SIGMOID result = 403/2000
F = 0,303266 Window = VARIABLE k = 1 Distance = EUCLIDEAN Kernel = UNIFORM result = 405/2000
F = 0,260265 Window = VARIABLE k = 1 Distance = EUCLIDEAN Kernel = TRIANGULAR result = 425/2000
F = 0,273922 Window = VARIABLE k = 1 Distance = EUCLIDEAN Kernel = EPANECHNIKOV result = 419/2000
F = 0,341686 Window = VARIABLE k = 1 Distance = EUCLIDEAN Kernel = QUARTIC result = 479/2000
F = 0,359700 Window = VARIABLE k = 1 Distance = EUCLIDEAN Kernel = TRIWEIGHT result = 509/2000
F = 0,344715 Window = VARIABLE k = 1 Distance = EUCLIDEAN Kernel = TRICUBE result = 483/2000
F = 0,067586 Window = VARIABLE k = 1 Distance = EUCLIDEAN Kernel = GAUSSIAN result = 403/2000
F = 0,281899 Window = VARIABLE k = 1 Distance = EUCLIDEAN Kernel = COSINE result = 423/2000
F = 0,067586 Window = VARIABLE k = 1 Distance = EUCLIDEAN Kernel = LOGISTIC result = 403/2000
F = 0,067586 Window = VARIABLE k = 1 Distance = EUCLIDEAN Kernel = SIGMOID result = 403/2000
F = 0,067586 Window = VARIABLE k = 1 Distance = CHEBYSHEV Kernel = UNIFORM result = 403/2000
F = 0,067586 Window = VARIABLE k = 1 Distance = CHEBYSHEV Kernel = TRIANGULAR result = 403/2000
F = 0,067586 Window = VARIABLE k = 1 Distance = CHEBYSHEV Kernel = EPANECHNIKOV result = 403/2000
F = 0,067446 Window = VARIABLE k = 1 Distance = CHEBYSHEV Kernel = QUARTIC result = 402/2000
F = 0,234752 Window = VARIABLE k = 1 Distance = CHEBYSHEV Kernel = TRIWEIGHT result = 406/2000
F = 0,067446 Window = VARIABLE k = 1 Distance = CHEBYSHEV Kernel = TRICUBE result = 402/2000
F = 0,067586 Window = VARIABLE k = 1 Distance = CHEBYSHEV Kernel = GAUSSIAN result = 403/2000
F = 0,067586 Window = VARIABLE k = 1 Distance = CHEBYSHEV Kernel = COSINE result = 403/2000
F = 0,067586 Window = VARIABLE k = 1 Distance = CHEBYSHEV Kernel = LOGISTIC result = 403/2000
F = 0,067586 Window = VARIABLE k = 1 Distance = CHEBYSHEV Kernel = SIGMOID result = 403/2000
F = 0,446972 Window = VARIABLE k = 3 Distance = MANHATTAN Kernel = UNIFORM result = 768/2000
F = 0,443984 Window = VARIABLE k = 3 Distance = MANHATTAN Kernel = TRIANGULAR result = 777/2000
F = 0,447886 Window = VARIABLE k = 3 Distance = MANHATTAN Kernel = EPANECHNIKOV result = 784/2000
F = 0,439440 Window = VARIABLE k = 3 Distance = MANHATTAN Kernel = QUARTIC result = 771/2000
F = 0,438838 Window = VARIABLE k = 3 Distance = MANHATTAN Kernel = TRIWEIGHT result = 781/2000
F = 0,436658 Window = VARIABLE k = 3 Distance = MANHATTAN Kernel = TRICUBE result = 770/2000
F = 0,436947 Window = VARIABLE k = 3 Distance = MANHATTAN Kernel = GAUSSIAN result = 669/2000
F = 0,445438 Window = VARIABLE k = 3 Distance = MANHATTAN Kernel = COSINE result = 779/2000
F = 0,309134 Window = VARIABLE k = 3 Distance = MANHATTAN Kernel = LOGISTIC result = 478/2000
F = 0,318515 Window = VARIABLE k = 3 Distance = MANHATTAN Kernel = SIGMOID result = 500/2000
F = 0,437676 Window = VARIABLE k = 3 Distance = EUCLIDEAN Kernel = UNIFORM result = 725/2000
F = 0,455087 Window = VARIABLE k = 3 Distance = EUCLIDEAN Kernel = TRIANGULAR result = 784/2000
F = 0,447503 Window = VARIABLE k = 3 Distance = EUCLIDEAN Kernel = EPANECHNIKOV result = 771/2000
F = 0,472333 Window = VARIABLE k = 3 Distance = EUCLIDEAN Kernel = QUARTIC result = 798/2000
F = 0,473332 Window = VARIABLE k = 3 Distance = EUCLIDEAN Kernel = TRIWEIGHT result = 810/2000
F = 0,474030 Window = VARIABLE k = 3 Distance = EUCLIDEAN Kernel = TRICUBE result = 795/2000
F = 0,319494 Window = VARIABLE k = 3 Distance = EUCLIDEAN Kernel = GAUSSIAN result = 494/2000
F = 0,449188 Window = VARIABLE k = 3 Distance = EUCLIDEAN Kernel = COSINE result = 774/2000
F = 0,067586 Window = VARIABLE k = 3 Distance = EUCLIDEAN Kernel = LOGISTIC result = 403/2000
F = 0,067586 Window = VARIABLE k = 3 Distance = EUCLIDEAN Kernel = SIGMOID result = 403/2000
F = 0,469907 Window = VARIABLE k = 3 Distance = CHEBYSHEV Kernel = UNIFORM result = 704/2000
F = 0,463649 Window = VARIABLE k = 3 Distance = CHEBYSHEV Kernel = TRIANGULAR result = 718/2000
F = 0,464903 Window = VARIABLE k = 3 Distance = CHEBYSHEV Kernel = EPANECHNIKOV result = 719/2000
F = 0,462713 Window = VARIABLE k = 3 Distance = CHEBYSHEV Kernel = QUARTIC result = 728/2000
F = 0,471051 Window = VARIABLE k = 3 Distance = CHEBYSHEV Kernel = TRIWEIGHT result = 745/2000
F = 0,464248 Window = VARIABLE k = 3 Distance = CHEBYSHEV Kernel = TRICUBE result = 732/2000
F = 0,067586 Window = VARIABLE k = 3 Distance = CHEBYSHEV Kernel = GAUSSIAN result = 403/2000
F = 0,465415 Window = VARIABLE k = 3 Distance = CHEBYSHEV Kernel = COSINE result = 721/2000
F = 0,067586 Window = VARIABLE k = 3 Distance = CHEBYSHEV Kernel = LOGISTIC result = 403/2000
F = 0,067586 Window = VARIABLE k = 3 Distance = CHEBYSHEV Kernel = SIGMOID result = 403/2000
F = 0,419610 Window = VARIABLE k = 5 Distance = MANHATTAN Kernel = UNIFORM result = 720/2000
F = 0,423715 Window = VARIABLE k = 5 Distance = MANHATTAN Kernel = TRIANGULAR result = 750/2000
F = 0,417422 Window = VARIABLE k = 5 Distance = MANHATTAN Kernel = EPANECHNIKOV result = 737/2000
F = 0,421043 Window = VARIABLE k = 5 Distance = MANHATTAN Kernel = QUARTIC result = 747/2000
F = 0,428276 Window = VARIABLE k = 5 Distance = MANHATTAN Kernel = TRIWEIGHT result = 766/2000
F = 0,420560 Window = VARIABLE k = 5 Distance = MANHATTAN Kernel = TRICUBE result = 749/2000
F = 0,464896 Window = VARIABLE k = 5 Distance = MANHATTAN Kernel = GAUSSIAN result = 780/2000
F = 0,418958 Window = VARIABLE k = 5 Distance = MANHATTAN Kernel = COSINE result = 738/2000
F = 0,370164 Window = VARIABLE k = 5 Distance = MANHATTAN Kernel = LOGISTIC result = 617/2000
F = 0,382940 Window = VARIABLE k = 5 Distance = MANHATTAN Kernel = SIGMOID result = 648/2000
F = 0,446482 Window = VARIABLE k = 5 Distance = EUCLIDEAN Kernel = UNIFORM result = 780/2000
F = 0,450313 Window = VARIABLE k = 5 Distance = EUCLIDEAN Kernel = TRIANGULAR result = 801/2000
F = 0,452295 Window = VARIABLE k = 5 Distance = EUCLIDEAN Kernel = EPANECHNIKOV result = 799/2000
F = 0,450206 Window = VARIABLE k = 5 Distance = EUCLIDEAN Kernel = QUARTIC result = 807/2000
F = 0,448110 Window = VARIABLE k = 5 Distance = EUCLIDEAN Kernel = TRIWEIGHT result = 806/2000
F = 0,445756 Window = VARIABLE k = 5 Distance = EUCLIDEAN Kernel = TRICUBE result = 799/2000
F = 0,414114 Window = VARIABLE k = 5 Distance = EUCLIDEAN Kernel = GAUSSIAN result = 622/2000
F = 0,452142 Window = VARIABLE k = 5 Distance = EUCLIDEAN Kernel = COSINE result = 803/2000
F = 0,067897 Window = VARIABLE k = 5 Distance = EUCLIDEAN Kernel = LOGISTIC result = 403/2000
F = 0,271745 Window = VARIABLE k = 5 Distance = EUCLIDEAN Kernel = SIGMOID result = 435/2000
F = 0,442582 Window = VARIABLE k = 5 Distance = CHEBYSHEV Kernel = UNIFORM result = 777/2000
F = 0,469367 Window = VARIABLE k = 5 Distance = CHEBYSHEV Kernel = TRIANGULAR result = 824/2000
F = 0,467986 Window = VARIABLE k = 5 Distance = CHEBYSHEV Kernel = EPANECHNIKOV result = 816/2000
F = 0,460087 Window = VARIABLE k = 5 Distance = CHEBYSHEV Kernel = QUARTIC result = 814/2000
F = 0,451992 Window = VARIABLE k = 5 Distance = CHEBYSHEV Kernel = TRIWEIGHT result = 804/2000
F = 0,459531 Window = VARIABLE k = 5 Distance = CHEBYSHEV Kernel = TRICUBE result = 814/2000
F = 0,362141 Window = VARIABLE k = 5 Distance = CHEBYSHEV Kernel = GAUSSIAN result = 521/2000
F = 0,470166 Window = VARIABLE k = 5 Distance = CHEBYSHEV Kernel = COSINE result = 821/2000
F = 0,067586 Window = VARIABLE k = 5 Distance = CHEBYSHEV Kernel = LOGISTIC result = 403/2000
F = 0,067586 Window = VARIABLE k = 5 Distance = CHEBYSHEV Kernel = SIGMOID result = 403/2000
F = 0,404330 Window = VARIABLE k = 7 Distance = MANHATTAN Kernel = UNIFORM result = 686/2000
F = 0,424222 Window = VARIABLE k = 7 Distance = MANHATTAN Kernel = TRIANGULAR result = 743/2000
F = 0,418560 Window = VARIABLE k = 7 Distance = MANHATTAN Kernel = EPANECHNIKOV result = 730/2000
F = 0,429426 Window = VARIABLE k = 7 Distance = MANHATTAN Kernel = QUARTIC result = 754/2000
F = 0,427199 Window = VARIABLE k = 7 Distance = MANHATTAN Kernel = TRIWEIGHT result = 760/2000
F = 0,424336 Window = VARIABLE k = 7 Distance = MANHATTAN Kernel = TRICUBE result = 746/2000
F = 0,462216 Window = VARIABLE k = 7 Distance = MANHATTAN Kernel = GAUSSIAN result = 804/2000
F = 0,419094 Window = VARIABLE k = 7 Distance = MANHATTAN Kernel = COSINE result = 731/2000
F = 0,446289 Window = VARIABLE k = 7 Distance = MANHATTAN Kernel = LOGISTIC result = 713/2000
F = 0,452468 Window = VARIABLE k = 7 Distance = MANHATTAN Kernel = SIGMOID result = 725/2000
F = 0,415046 Window = VARIABLE k = 7 Distance = EUCLIDEAN Kernel = UNIFORM result = 715/2000
F = 0,427298 Window = VARIABLE k = 7 Distance = EUCLIDEAN Kernel = TRIANGULAR result = 757/2000
F = 0,423446 Window = VARIABLE k = 7 Distance = EUCLIDEAN Kernel = EPANECHNIKOV result = 747/2000
F = 0,429034 Window = VARIABLE k = 7 Distance = EUCLIDEAN Kernel = QUARTIC result = 765/2000
F = 0,433188 Window = VARIABLE k = 7 Distance = EUCLIDEAN Kernel = TRIWEIGHT result = 777/2000
F = 0,429699 Window = VARIABLE k = 7 Distance = EUCLIDEAN Kernel = TRICUBE result = 766/2000
F = 0,468507 Window = VARIABLE k = 7 Distance = EUCLIDEAN Kernel = GAUSSIAN result = 761/2000
F = 0,424365 Window = VARIABLE k = 7 Distance = EUCLIDEAN Kernel = COSINE result = 749/2000
F = 0,321134 Window = VARIABLE k = 7 Distance = EUCLIDEAN Kernel = LOGISTIC result = 512/2000
F = 0,337854 Window = VARIABLE k = 7 Distance = EUCLIDEAN Kernel = SIGMOID result = 542/2000
F = 0,425364 Window = VARIABLE k = 7 Distance = CHEBYSHEV Kernel = UNIFORM result = 738/2000
F = 0,434756 Window = VARIABLE k = 7 Distance = CHEBYSHEV Kernel = TRIANGULAR result = 771/2000
F = 0,436144 Window = VARIABLE k = 7 Distance = CHEBYSHEV Kernel = EPANECHNIKOV result = 769/2000
F = 0,433709 Window = VARIABLE k = 7 Distance = CHEBYSHEV Kernel = QUARTIC result = 776/2000
F = 0,435686 Window = VARIABLE k = 7 Distance = CHEBYSHEV Kernel = TRIWEIGHT result = 785/2000
F = 0,434598 Window = VARIABLE k = 7 Distance = CHEBYSHEV Kernel = TRICUBE result = 778/2000
F = 0,415058 Window = VARIABLE k = 7 Distance = CHEBYSHEV Kernel = GAUSSIAN result = 620/2000
F = 0,436548 Window = VARIABLE k = 7 Distance = CHEBYSHEV Kernel = COSINE result = 772/2000
F = 0,290920 Window = VARIABLE k = 7 Distance = CHEBYSHEV Kernel = LOGISTIC result = 445/2000
F = 0,293366 Window = VARIABLE k = 7 Distance = CHEBYSHEV Kernel = SIGMOID result = 462/2000
F = 0,416096 Window = VARIABLE k = 9 Distance = MANHATTAN Kernel = UNIFORM result = 701/2000
F = 0,421214 Window = VARIABLE k = 9 Distance = MANHATTAN Kernel = TRIANGULAR result = 736/2000
F = 0,417491 Window = VARIABLE k = 9 Distance = MANHATTAN Kernel = EPANECHNIKOV result = 726/2000
F = 0,416541 Window = VARIABLE k = 9 Distance = MANHATTAN Kernel = QUARTIC result = 730/2000
F = 0,424093 Window = VARIABLE k = 9 Distance = MANHATTAN Kernel = TRIWEIGHT result = 744/2000
F = 0,420495 Window = VARIABLE k = 9 Distance = MANHATTAN Kernel = TRICUBE result = 736/2000
F = 0,453405 Window = VARIABLE k = 9 Distance = MANHATTAN Kernel = GAUSSIAN result = 804/2000
F = 0,417525 Window = VARIABLE k = 9 Distance = MANHATTAN Kernel = COSINE result = 728/2000
F = 0,483498 Window = VARIABLE k = 9 Distance = MANHATTAN Kernel = LOGISTIC result = 764/2000
F = 0,490989 Window = VARIABLE k = 9 Distance = MANHATTAN Kernel = SIGMOID result = 783/2000
F = 0,413228 Window = VARIABLE k = 9 Distance = EUCLIDEAN Kernel = UNIFORM result = 701/2000
F = 0,422782 Window = VARIABLE k = 9 Distance = EUCLIDEAN Kernel = TRIANGULAR result = 739/2000
F = 0,421729 Window = VARIABLE k = 9 Distance = EUCLIDEAN Kernel = EPANECHNIKOV result = 733/2000
F = 0,425125 Window = VARIABLE k = 9 Distance = EUCLIDEAN Kernel = QUARTIC result = 752/2000
F = 0,423684 Window = VARIABLE k = 9 Distance = EUCLIDEAN Kernel = TRIWEIGHT result = 753/2000
F = 0,425188 Window = VARIABLE k = 9 Distance = EUCLIDEAN Kernel = TRICUBE result = 750/2000
F = 0,482613 Window = VARIABLE k = 9 Distance = EUCLIDEAN Kernel = GAUSSIAN result = 820/2000
F = 0,422601 Window = VARIABLE k = 9 Distance = EUCLIDEAN Kernel = COSINE result = 735/2000
F = 0,352333 Window = VARIABLE k = 9 Distance = EUCLIDEAN Kernel = LOGISTIC result = 580/2000
F = 0,432872 Window = VARIABLE k = 9 Distance = EUCLIDEAN Kernel = SIGMOID result = 625/2000
F = 0,424066 Window = VARIABLE k = 9 Distance = CHEBYSHEV Kernel = UNIFORM result = 741/2000
F = 0,431142 Window = VARIABLE k = 9 Distance = CHEBYSHEV Kernel = TRIANGULAR result = 773/2000
F = 0,428034 Window = VARIABLE k = 9 Distance = CHEBYSHEV Kernel = EPANECHNIKOV result = 765/2000
F = 0,438007 Window = VARIABLE k = 9 Distance = CHEBYSHEV Kernel = QUARTIC result = 784/2000
F = 0,437365 Window = VARIABLE k = 9 Distance = CHEBYSHEV Kernel = TRIWEIGHT result = 791/2000
F = 0,439430 Window = VARIABLE k = 9 Distance = CHEBYSHEV Kernel = TRICUBE result = 788/2000
F = 0,467022 Window = VARIABLE k = 9 Distance = CHEBYSHEV Kernel = GAUSSIAN result = 734/2000
F = 0,426896 Window = VARIABLE k = 9 Distance = CHEBYSHEV Kernel = COSINE result = 764/2000
F = 0,309683 Window = VARIABLE k = 9 Distance = CHEBYSHEV Kernel = LOGISTIC result = 495/2000
F = 0,333104 Window = VARIABLE k = 9 Distance = CHEBYSHEV Kernel = SIGMOID result = 526/2000
F = 0,407848 Window = VARIABLE k = 10 Distance = MANHATTAN Kernel = UNIFORM result = 685/2000
F = 0,411642 Window = VARIABLE k = 10 Distance = MANHATTAN Kernel = TRIANGULAR result = 712/2000
F = 0,406576 Window = VARIABLE k = 10 Distance = MANHATTAN Kernel = EPANECHNIKOV result = 701/2000
F = 0,412041 Window = VARIABLE k = 10 Distance = MANHATTAN Kernel = QUARTIC result = 713/2000
F = 0,409538 Window = VARIABLE k = 10 Distance = MANHATTAN Kernel = TRIWEIGHT result = 715/2000
F = 0,411211 Window = VARIABLE k = 10 Distance = MANHATTAN Kernel = TRICUBE result = 712/2000
F = 0,454415 Window = VARIABLE k = 10 Distance = MANHATTAN Kernel = GAUSSIAN result = 816/2000
F = 0,408181 Window = VARIABLE k = 10 Distance = MANHATTAN Kernel = COSINE result = 704/2000
F = 0,486428 Window = VARIABLE k = 10 Distance = MANHATTAN Kernel = LOGISTIC result = 769/2000
F = 0,493373 Window = VARIABLE k = 10 Distance = MANHATTAN Kernel = SIGMOID result = 799/2000
F = 0,409228 Window = VARIABLE k = 10 Distance = EUCLIDEAN Kernel = UNIFORM result = 697/2000
F = 0,415187 Window = VARIABLE k = 10 Distance = EUCLIDEAN Kernel = TRIANGULAR result = 727/2000
F = 0,416048 Window = VARIABLE k = 10 Distance = EUCLIDEAN Kernel = EPANECHNIKOV result = 724/2000
F = 0,414098 Window = VARIABLE k = 10 Distance = EUCLIDEAN Kernel = QUARTIC result = 730/2000
F = 0,414762 Window = VARIABLE k = 10 Distance = EUCLIDEAN Kernel = TRIWEIGHT result = 734/2000
F = 0,415547 Window = VARIABLE k = 10 Distance = EUCLIDEAN Kernel = TRICUBE result = 732/2000
F = 0,475570 Window = VARIABLE k = 10 Distance = EUCLIDEAN Kernel = GAUSSIAN result = 813/2000
F = 0,415881 Window = VARIABLE k = 10 Distance = EUCLIDEAN Kernel = COSINE result = 725/2000
F = 0,433292 Window = VARIABLE k = 10 Distance = EUCLIDEAN Kernel = LOGISTIC result = 629/2000
F = 0,460075 Window = VARIABLE k = 10 Distance = EUCLIDEAN Kernel = SIGMOID result = 677/2000
F = 0,409836 Window = VARIABLE k = 10 Distance = CHEBYSHEV Kernel = UNIFORM result = 714/2000
F = 0,425059 Window = VARIABLE k = 10 Distance = CHEBYSHEV Kernel = TRIANGULAR result = 760/2000
F = 0,424675 Window = VARIABLE k = 10 Distance = CHEBYSHEV Kernel = EPANECHNIKOV result = 755/2000
F = 0,427764 Window = VARIABLE k = 10 Distance = CHEBYSHEV Kernel = QUARTIC result = 765/2000
F = 0,422042 Window = VARIABLE k = 10 Distance = CHEBYSHEV Kernel = TRIWEIGHT result = 760/2000
F = 0,427871 Window = VARIABLE k = 10 Distance = CHEBYSHEV Kernel = TRICUBE result = 765/2000
F = 0,461262 Window = VARIABLE k = 10 Distance = CHEBYSHEV Kernel = GAUSSIAN result = 763/2000
F = 0,426661 Window = VARIABLE k = 10 Distance = CHEBYSHEV Kernel = COSINE result = 761/2000
F = 0,323865 Window = VARIABLE k = 10 Distance = CHEBYSHEV Kernel = LOGISTIC result = 515/2000
F = 0,333813 Window = VARIABLE k = 10 Distance = CHEBYSHEV Kernel = SIGMOID result = 530/2000
----------------------------
---------TOP RESULT---------
----------------------------
F = 0,493373 Window = VARIABLE k = 10 Distance = MANHATTAN Kernel = SIGMOID result = 799/2000
