F = 0,463283 Window = FIXED k = 1 Distance = MANHATTAN Kernel = UNIFORM result = 1016/2000
F = 0,487587 Window = FIXED k = 1 Distance = MANHATTAN Kernel = TRIANGULAR result = 1055/2000
F = 0,493745 Window = FIXED k = 1 Distance = MANHATTAN Kernel = EPANECHNIKOV result = 1066/2000
F = 0,482934 Window = FIXED k = 1 Distance = MANHATTAN Kernel = QUARTIC result = 1048/2000
F = 0,476190 Window = FIXED k = 1 Distance = MANHATTAN Kernel = TRIWEIGHT result = 1035/2000
F = 0,491482 Window = FIXED k = 1 Distance = MANHATTAN Kernel = TRICUBE result = 1058/2000
F = 0,354169 Window = FIXED k = 1 Distance = MANHATTAN Kernel = GAUSSIAN result = 549/2000
F = 0,488896 Window = FIXED k = 1 Distance = MANHATTAN Kernel = COSINE result = 1056/2000
F = 0,336781 Window = FIXED k = 1 Distance = MANHATTAN Kernel = LOGISTIC result = 502/2000
F = 0,346444 Window = FIXED k = 1 Distance = MANHATTAN Kernel = SIGMOID result = 521/2000
F = 0,475413 Window = FIXED k = 1 Distance = EUCLIDEAN Kernel = UNIFORM result = 1033/2000
F = 0,474364 Window = FIXED k = 1 Distance = EUCLIDEAN Kernel = TRIANGULAR result = 1035/2000
F = 0,489872 Window = FIXED k = 1 Distance = EUCLIDEAN Kernel = EPANECHNIKOV result = 1062/2000
F = 0,491396 Window = FIXED k = 1 Distance = EUCLIDEAN Kernel = QUARTIC result = 1060/2000
F = 0,491446 Window = FIXED k = 1 Distance = EUCLIDEAN Kernel = TRIWEIGHT result = 1058/2000
F = 0,482732 Window = FIXED k = 1 Distance = EUCLIDEAN Kernel = TRICUBE result = 1049/2000
F = 0,354276 Window = FIXED k = 1 Distance = EUCLIDEAN Kernel = GAUSSIAN result = 547/2000
F = 0,488835 Window = FIXED k = 1 Distance = EUCLIDEAN Kernel = COSINE result = 1057/2000
F = 0,327268 Window = FIXED k = 1 Distance = EUCLIDEAN Kernel = LOGISTIC result = 492/2000
F = 0,318297 Window = FIXED k = 1 Distance = EUCLIDEAN Kernel = SIGMOID result = 479/2000
F = 0,484039 Window = FIXED k = 1 Distance = CHEBYSHEV Kernel = UNIFORM result = 1056/2000
F = 0,495421 Window = FIXED k = 1 Distance = CHEBYSHEV Kernel = TRIANGULAR result = 1074/2000
F = 0,485207 Window = FIXED k = 1 Distance = CHEBYSHEV Kernel = EPANECHNIKOV result = 1060/2000
F = 0,480812 Window = FIXED k = 1 Distance = CHEBYSHEV Kernel = QUARTIC result = 1057/2000
F = 0,500021 Window = FIXED k = 1 Distance = CHEBYSHEV Kernel = TRIWEIGHT result = 1089/2000
F = 0,487337 Window = FIXED k = 1 Distance = CHEBYSHEV Kernel = TRICUBE result = 1068/2000
F = 0,345021 Window = FIXED k = 1 Distance = CHEBYSHEV Kernel = GAUSSIAN result = 532/2000
F = 0,488703 Window = FIXED k = 1 Distance = CHEBYSHEV Kernel = COSINE result = 1071/2000
F = 0,333130 Window = FIXED k = 1 Distance = CHEBYSHEV Kernel = LOGISTIC result = 502/2000
F = 0,316292 Window = FIXED k = 1 Distance = CHEBYSHEV Kernel = SIGMOID result = 483/2000
F = 0,505885 Window = FIXED k = 3 Distance = MANHATTAN Kernel = UNIFORM result = 1009/2000
F = 0,495190 Window = FIXED k = 3 Distance = MANHATTAN Kernel = TRIANGULAR result = 998/2000
F = 0,499661 Window = FIXED k = 3 Distance = MANHATTAN Kernel = EPANECHNIKOV result = 1004/2000
F = 0,495934 Window = FIXED k = 3 Distance = MANHATTAN Kernel = QUARTIC result = 999/2000
F = 0,494060 Window = FIXED k = 3 Distance = MANHATTAN Kernel = TRIWEIGHT result = 997/2000
F = 0,485971 Window = FIXED k = 3 Distance = MANHATTAN Kernel = TRICUBE result = 975/2000
F = 0,327452 Window = FIXED k = 3 Distance = MANHATTAN Kernel = GAUSSIAN result = 496/2000
F = 0,508998 Window = FIXED k = 3 Distance = MANHATTAN Kernel = COSINE result = 1023/2000
F = 0,296506 Window = FIXED k = 3 Distance = MANHATTAN Kernel = LOGISTIC result = 457/2000
F = 0,309117 Window = FIXED k = 3 Distance = MANHATTAN Kernel = SIGMOID result = 473/2000
F = 0,483722 Window = FIXED k = 3 Distance = EUCLIDEAN Kernel = UNIFORM result = 965/2000
F = 0,502592 Window = FIXED k = 3 Distance = EUCLIDEAN Kernel = TRIANGULAR result = 1009/2000
F = 0,501002 Window = FIXED k = 3 Distance = EUCLIDEAN Kernel = EPANECHNIKOV result = 1006/2000
F = 0,490216 Window = FIXED k = 3 Distance = EUCLIDEAN Kernel = QUARTIC result = 984/2000
F = 0,489758 Window = FIXED k = 3 Distance = EUCLIDEAN Kernel = TRIWEIGHT result = 979/2000
F = 0,487411 Window = FIXED k = 3 Distance = EUCLIDEAN Kernel = TRICUBE result = 983/2000
F = 0,338655 Window = FIXED k = 3 Distance = EUCLIDEAN Kernel = GAUSSIAN result = 477/2000
F = 0,501782 Window = FIXED k = 3 Distance = EUCLIDEAN Kernel = COSINE result = 1004/2000
F = 0,127479 Window = FIXED k = 3 Distance = EUCLIDEAN Kernel = LOGISTIC result = 456/2000
F = 0,269450 Window = FIXED k = 3 Distance = EUCLIDEAN Kernel = SIGMOID result = 467/2000
F = 0,490892 Window = FIXED k = 3 Distance = CHEBYSHEV Kernel = UNIFORM result = 1002/2000
F = 0,497045 Window = FIXED k = 3 Distance = CHEBYSHEV Kernel = TRIANGULAR result = 1024/2000
F = 0,498279 Window = FIXED k = 3 Distance = CHEBYSHEV Kernel = EPANECHNIKOV result = 1031/2000
F = 0,492560 Window = FIXED k = 3 Distance = CHEBYSHEV Kernel = QUARTIC result = 1021/2000
F = 0,483179 Window = FIXED k = 3 Distance = CHEBYSHEV Kernel = TRIWEIGHT result = 999/2000
F = 0,491929 Window = FIXED k = 3 Distance = CHEBYSHEV Kernel = TRICUBE result = 1021/2000
F = 0,342963 Window = FIXED k = 3 Distance = CHEBYSHEV Kernel = GAUSSIAN result = 491/2000
F = 0,496433 Window = FIXED k = 3 Distance = CHEBYSHEV Kernel = COSINE result = 1028/2000
F = 0,249135 Window = FIXED k = 3 Distance = CHEBYSHEV Kernel = LOGISTIC result = 461/2000
F = 0,248790 Window = FIXED k = 3 Distance = CHEBYSHEV Kernel = SIGMOID result = 460/2000
F = 0,474367 Window = FIXED k = 5 Distance = MANHATTAN Kernel = UNIFORM result = 893/2000
F = 0,484630 Window = FIXED k = 5 Distance = MANHATTAN Kernel = TRIANGULAR result = 922/2000
F = 0,466216 Window = FIXED k = 5 Distance = MANHATTAN Kernel = EPANECHNIKOV result = 879/2000
F = 0,481009 Window = FIXED k = 5 Distance = MANHATTAN Kernel = QUARTIC result = 910/2000
F = 0,474108 Window = FIXED k = 5 Distance = MANHATTAN Kernel = TRIWEIGHT result = 893/2000
F = 0,471202 Window = FIXED k = 5 Distance = MANHATTAN Kernel = TRICUBE result = 881/2000
F = 0,314243 Window = FIXED k = 5 Distance = MANHATTAN Kernel = GAUSSIAN result = 472/2000
F = 0,471313 Window = FIXED k = 5 Distance = MANHATTAN Kernel = COSINE result = 885/2000
F = 0,280038 Window = FIXED k = 5 Distance = MANHATTAN Kernel = LOGISTIC result = 454/2000
F = 0,308145 Window = FIXED k = 5 Distance = MANHATTAN Kernel = SIGMOID result = 465/2000
F = 0,470215 Window = FIXED k = 5 Distance = EUCLIDEAN Kernel = UNIFORM result = 872/2000
F = 0,480606 Window = FIXED k = 5 Distance = EUCLIDEAN Kernel = TRIANGULAR result = 889/2000
F = 0,474615 Window = FIXED k = 5 Distance = EUCLIDEAN Kernel = EPANECHNIKOV result = 892/2000
F = 0,478601 Window = FIXED k = 5 Distance = EUCLIDEAN Kernel = QUARTIC result = 899/2000
F = 0,469167 Window = FIXED k = 5 Distance = EUCLIDEAN Kernel = TRIWEIGHT result = 873/2000
F = 0,458803 Window = FIXED k = 5 Distance = EUCLIDEAN Kernel = TRICUBE result = 845/2000
F = 0,310934 Window = FIXED k = 5 Distance = EUCLIDEAN Kernel = GAUSSIAN result = 471/2000
F = 0,455761 Window = FIXED k = 5 Distance = EUCLIDEAN Kernel = COSINE result = 839/2000
F = 0,289100 Window = FIXED k = 5 Distance = EUCLIDEAN Kernel = LOGISTIC result = 473/2000
F = 0,292460 Window = FIXED k = 5 Distance = EUCLIDEAN Kernel = SIGMOID result = 479/2000
F = 0,455044 Window = FIXED k = 5 Distance = CHEBYSHEV Kernel = UNIFORM result = 881/2000
F = 0,476550 Window = FIXED k = 5 Distance = CHEBYSHEV Kernel = TRIANGULAR result = 931/2000
F = 0,477439 Window = FIXED k = 5 Distance = CHEBYSHEV Kernel = EPANECHNIKOV result = 935/2000
F = 0,490875 Window = FIXED k = 5 Distance = CHEBYSHEV Kernel = QUARTIC result = 974/2000
F = 0,483846 Window = FIXED k = 5 Distance = CHEBYSHEV Kernel = TRIWEIGHT result = 953/2000
F = 0,464867 Window = FIXED k = 5 Distance = CHEBYSHEV Kernel = TRICUBE result = 921/2000
F = 0,299650 Window = FIXED k = 5 Distance = CHEBYSHEV Kernel = GAUSSIAN result = 468/2000
F = 0,485815 Window = FIXED k = 5 Distance = CHEBYSHEV Kernel = COSINE result = 959/2000
F = 0,119768 Window = FIXED k = 5 Distance = CHEBYSHEV Kernel = LOGISTIC result = 463/2000
F = 0,119969 Window = FIXED k = 5 Distance = CHEBYSHEV Kernel = SIGMOID result = 464/2000
F = 0,428852 Window = FIXED k = 7 Distance = MANHATTAN Kernel = UNIFORM result = 769/2000
F = 0,460336 Window = FIXED k = 7 Distance = MANHATTAN Kernel = TRIANGULAR result = 829/2000
F = 0,453554 Window = FIXED k = 7 Distance = MANHATTAN Kernel = EPANECHNIKOV result = 810/2000
F = 0,443233 Window = FIXED k = 7 Distance = MANHATTAN Kernel = QUARTIC result = 795/2000
F = 0,439919 Window = FIXED k = 7 Distance = MANHATTAN Kernel = TRIWEIGHT result = 775/2000
F = 0,437587 Window = FIXED k = 7 Distance = MANHATTAN Kernel = TRICUBE result = 779/2000
F = 0,302930 Window = FIXED k = 7 Distance = MANHATTAN Kernel = GAUSSIAN result = 451/2000
F = 0,448471 Window = FIXED k = 7 Distance = MANHATTAN Kernel = COSINE result = 793/2000
F = 0,125306 Window = FIXED k = 7 Distance = MANHATTAN Kernel = LOGISTIC result = 465/2000
F = 0,114687 Window = FIXED k = 7 Distance = MANHATTAN Kernel = SIGMOID result = 455/2000
F = 0,444569 Window = FIXED k = 7 Distance = EUCLIDEAN Kernel = UNIFORM result = 784/2000
F = 0,436938 Window = FIXED k = 7 Distance = EUCLIDEAN Kernel = TRIANGULAR result = 774/2000
F = 0,433491 Window = FIXED k = 7 Distance = EUCLIDEAN Kernel = EPANECHNIKOV result = 768/2000
F = 0,462312 Window = FIXED k = 7 Distance = EUCLIDEAN Kernel = QUARTIC result = 823/2000
F = 0,458841 Window = FIXED k = 7 Distance = EUCLIDEAN Kernel = TRIWEIGHT result = 817/2000
F = 0,455779 Window = FIXED k = 7 Distance = EUCLIDEAN Kernel = TRICUBE result = 802/2000
F = 0,298692 Window = FIXED k = 7 Distance = EUCLIDEAN Kernel = GAUSSIAN result = 467/2000
F = 0,456291 Window = FIXED k = 7 Distance = EUCLIDEAN Kernel = COSINE result = 803/2000
F = 0,306805 Window = FIXED k = 7 Distance = EUCLIDEAN Kernel = LOGISTIC result = 464/2000
F = 0,277302 Window = FIXED k = 7 Distance = EUCLIDEAN Kernel = SIGMOID result = 457/2000
F = 0,462269 Window = FIXED k = 7 Distance = CHEBYSHEV Kernel = UNIFORM result = 874/2000
F = 0,469359 Window = FIXED k = 7 Distance = CHEBYSHEV Kernel = TRIANGULAR result = 890/2000
F = 0,454337 Window = FIXED k = 7 Distance = CHEBYSHEV Kernel = EPANECHNIKOV result = 863/2000
F = 0,468826 Window = FIXED k = 7 Distance = CHEBYSHEV Kernel = QUARTIC result = 889/2000
F = 0,477388 Window = FIXED k = 7 Distance = CHEBYSHEV Kernel = TRIWEIGHT result = 913/2000
F = 0,470377 Window = FIXED k = 7 Distance = CHEBYSHEV Kernel = TRICUBE result = 896/2000
F = 0,303799 Window = FIXED k = 7 Distance = CHEBYSHEV Kernel = GAUSSIAN result = 469/2000
F = 0,462148 Window = FIXED k = 7 Distance = CHEBYSHEV Kernel = COSINE result = 880/2000
F = 0,119624 Window = FIXED k = 7 Distance = CHEBYSHEV Kernel = LOGISTIC result = 462/2000
F = 0,108663 Window = FIXED k = 7 Distance = CHEBYSHEV Kernel = SIGMOID result = 466/2000
F = 0,433636 Window = FIXED k = 9 Distance = MANHATTAN Kernel = UNIFORM result = 732/2000
F = 0,441518 Window = FIXED k = 9 Distance = MANHATTAN Kernel = TRIANGULAR result = 759/2000
F = 0,443903 Window = FIXED k = 9 Distance = MANHATTAN Kernel = EPANECHNIKOV result = 757/2000
F = 0,438106 Window = FIXED k = 9 Distance = MANHATTAN Kernel = QUARTIC result = 745/2000
F = 0,419515 Window = FIXED k = 9 Distance = MANHATTAN Kernel = TRIWEIGHT result = 714/2000
F = 0,422892 Window = FIXED k = 9 Distance = MANHATTAN Kernel = TRICUBE result = 722/2000
F = 0,286831 Window = FIXED k = 9 Distance = MANHATTAN Kernel = GAUSSIAN result = 468/2000
F = 0,424315 Window = FIXED k = 9 Distance = MANHATTAN Kernel = COSINE result = 730/2000
F = 0,117637 Window = FIXED k = 9 Distance = MANHATTAN Kernel = LOGISTIC result = 463/2000
F = 0,339224 Window = FIXED k = 9 Distance = MANHATTAN Kernel = SIGMOID result = 460/2000
F = 0,429205 Window = FIXED k = 9 Distance = EUCLIDEAN Kernel = UNIFORM result = 728/2000
F = 0,425067 Window = FIXED k = 9 Distance = EUCLIDEAN Kernel = TRIANGULAR result = 718/2000
F = 0,423782 Window = FIXED k = 9 Distance = EUCLIDEAN Kernel = EPANECHNIKOV result = 721/2000
F = 0,429292 Window = FIXED k = 9 Distance = EUCLIDEAN Kernel = QUARTIC result = 731/2000
F = 0,429299 Window = FIXED k = 9 Distance = EUCLIDEAN Kernel = TRIWEIGHT result = 732/2000
F = 0,429495 Window = FIXED k = 9 Distance = EUCLIDEAN Kernel = TRICUBE result = 732/2000
F = 0,251092 Window = FIXED k = 9 Distance = EUCLIDEAN Kernel = GAUSSIAN result = 461/2000
F = 0,429758 Window = FIXED k = 9 Distance = EUCLIDEAN Kernel = COSINE result = 727/2000
F = 0,130736 Window = FIXED k = 9 Distance = EUCLIDEAN Kernel = LOGISTIC result = 469/2000
F = 0,103287 Window = FIXED k = 9 Distance = EUCLIDEAN Kernel = SIGMOID result = 463/2000
F = 0,450987 Window = FIXED k = 9 Distance = CHEBYSHEV Kernel = UNIFORM result = 820/2000
F = 0,435441 Window = FIXED k = 9 Distance = CHEBYSHEV Kernel = TRIANGULAR result = 793/2000
F = 0,440437 Window = FIXED k = 9 Distance = CHEBYSHEV Kernel = EPANECHNIKOV result = 805/2000
F = 0,455790 Window = FIXED k = 9 Distance = CHEBYSHEV Kernel = QUARTIC result = 837/2000
F = 0,420723 Window = FIXED k = 9 Distance = CHEBYSHEV Kernel = TRIWEIGHT result = 765/2000
F = 0,438567 Window = FIXED k = 9 Distance = CHEBYSHEV Kernel = TRICUBE result = 799/2000
F = 0,117764 Window = FIXED k = 9 Distance = CHEBYSHEV Kernel = GAUSSIAN result = 455/2000
F = 0,448872 Window = FIXED k = 9 Distance = CHEBYSHEV Kernel = COSINE result = 819/2000
F = 0,117883 Window = FIXED k = 9 Distance = CHEBYSHEV Kernel = LOGISTIC result = 463/2000
F = 0,098576 Window = FIXED k = 9 Distance = CHEBYSHEV Kernel = SIGMOID result = 459/2000
F = 0,405864 Window = FIXED k = 10 Distance = MANHATTAN Kernel = UNIFORM result = 681/2000
F = 0,409171 Window = FIXED k = 10 Distance = MANHATTAN Kernel = TRIANGULAR result = 689/2000
F = 0,431082 Window = FIXED k = 10 Distance = MANHATTAN Kernel = EPANECHNIKOV result = 724/2000
F = 0,418243 Window = FIXED k = 10 Distance = MANHATTAN Kernel = QUARTIC result = 699/2000
F = 0,408733 Window = FIXED k = 10 Distance = MANHATTAN Kernel = TRIWEIGHT result = 679/2000
F = 0,411890 Window = FIXED k = 10 Distance = MANHATTAN Kernel = TRICUBE result = 677/2000
F = 0,283882 Window = FIXED k = 10 Distance = MANHATTAN Kernel = GAUSSIAN result = 463/2000
F = 0,427641 Window = FIXED k = 10 Distance = MANHATTAN Kernel = COSINE result = 719/2000
F = 0,108982 Window = FIXED k = 10 Distance = MANHATTAN Kernel = LOGISTIC result = 463/2000
F = 0,111831 Window = FIXED k = 10 Distance = MANHATTAN Kernel = SIGMOID result = 463/2000
F = 0,409666 Window = FIXED k = 10 Distance = EUCLIDEAN Kernel = UNIFORM result = 683/2000
F = 0,411269 Window = FIXED k = 10 Distance = EUCLIDEAN Kernel = TRIANGULAR result = 684/2000
F = 0,424880 Window = FIXED k = 10 Distance = EUCLIDEAN Kernel = EPANECHNIKOV result = 707/2000
F = 0,418939 Window = FIXED k = 10 Distance = EUCLIDEAN Kernel = QUARTIC result = 694/2000
F = 0,448385 Window = FIXED k = 10 Distance = EUCLIDEAN Kernel = TRIWEIGHT result = 753/2000
F = 0,424179 Window = FIXED k = 10 Distance = EUCLIDEAN Kernel = TRICUBE result = 715/2000
F = 0,338556 Window = FIXED k = 10 Distance = EUCLIDEAN Kernel = GAUSSIAN result = 459/2000
F = 0,437997 Window = FIXED k = 10 Distance = EUCLIDEAN Kernel = COSINE result = 726/2000
F = 0,134997 Window = FIXED k = 10 Distance = EUCLIDEAN Kernel = LOGISTIC result = 470/2000
F = 0,116390 Window = FIXED k = 10 Distance = EUCLIDEAN Kernel = SIGMOID result = 464/2000
F = 0,425654 Window = FIXED k = 10 Distance = CHEBYSHEV Kernel = UNIFORM result = 761/2000
F = 0,446048 Window = FIXED k = 10 Distance = CHEBYSHEV Kernel = TRIANGULAR result = 807/2000
F = 0,449998 Window = FIXED k = 10 Distance = CHEBYSHEV Kernel = EPANECHNIKOV result = 814/2000
F = 0,427353 Window = FIXED k = 10 Distance = CHEBYSHEV Kernel = QUARTIC result = 766/2000
F = 0,442560 Window = FIXED k = 10 Distance = CHEBYSHEV Kernel = TRIWEIGHT result = 802/2000
F = 0,438506 Window = FIXED k = 10 Distance = CHEBYSHEV Kernel = TRICUBE result = 797/2000
F = 0,299063 Window = FIXED k = 10 Distance = CHEBYSHEV Kernel = GAUSSIAN result = 465/2000
F = 0,448163 Window = FIXED k = 10 Distance = CHEBYSHEV Kernel = COSINE result = 808/2000
F = 0,122685 Window = FIXED k = 10 Distance = CHEBYSHEV Kernel = LOGISTIC result = 466/2000
F = 0,098185 Window = FIXED k = 10 Distance = CHEBYSHEV Kernel = SIGMOID result = 464/2000
F = 0,296304 Window = VARIABLE k = 1 Distance = MANHATTAN Kernel = UNIFORM result = 475/2000
F = 0,292792 Window = VARIABLE k = 1 Distance = MANHATTAN Kernel = TRIANGULAR result = 474/2000
F = 0,292375 Window = VARIABLE k = 1 Distance = MANHATTAN Kernel = EPANECHNIKOV result = 473/2000
F = 0,267817 Window = VARIABLE k = 1 Distance = MANHATTAN Kernel = QUARTIC result = 473/2000
F = 0,264235 Window = VARIABLE k = 1 Distance = MANHATTAN Kernel = TRIWEIGHT result = 464/2000
F = 0,291626 Window = VARIABLE k = 1 Distance = MANHATTAN Kernel = TRICUBE result = 477/2000
F = 0,124463 Window = VARIABLE k = 1 Distance = MANHATTAN Kernel = GAUSSIAN result = 472/2000
F = 0,247441 Window = VARIABLE k = 1 Distance = MANHATTAN Kernel = COSINE result = 474/2000
F = 0,170454 Window = VARIABLE k = 1 Distance = MANHATTAN Kernel = LOGISTIC result = 474/2000
F = 0,114056 Window = VARIABLE k = 1 Distance = MANHATTAN Kernel = SIGMOID result = 467/2000
F = 0,134320 Window = VARIABLE k = 1 Distance = EUCLIDEAN Kernel = UNIFORM result = 471/2000
F = 0,157811 Window = VARIABLE k = 1 Distance = EUCLIDEAN Kernel = TRIANGULAR result = 470/2000
F = 0,119989 Window = VARIABLE k = 1 Distance = EUCLIDEAN Kernel = EPANECHNIKOV result = 469/2000
F = 0,151199 Window = VARIABLE k = 1 Distance = EUCLIDEAN Kernel = QUARTIC result = 471/2000
F = 0,113679 Window = VARIABLE k = 1 Distance = EUCLIDEAN Kernel = TRIWEIGHT result = 466/2000
F = 0,089851 Window = VARIABLE k = 1 Distance = EUCLIDEAN Kernel = TRICUBE result = 471/2000
F = 0,089814 Window = VARIABLE k = 1 Distance = EUCLIDEAN Kernel = GAUSSIAN result = 471/2000
F = 0,145616 Window = VARIABLE k = 1 Distance = EUCLIDEAN Kernel = COSINE result = 469/2000
F = 0,089887 Window = VARIABLE k = 1 Distance = EUCLIDEAN Kernel = LOGISTIC result = 471/2000
F = 0,187785 Window = VARIABLE k = 1 Distance = EUCLIDEAN Kernel = SIGMOID result = 471/2000
F = 0,187785 Window = VARIABLE k = 1 Distance = CHEBYSHEV Kernel = UNIFORM result = 471/2000
F = 0,136177 Window = VARIABLE k = 1 Distance = CHEBYSHEV Kernel = TRIANGULAR result = 471/2000
F = 0,187740 Window = VARIABLE k = 1 Distance = CHEBYSHEV Kernel = EPANECHNIKOV result = 471/2000
F = 0,188029 Window = VARIABLE k = 1 Distance = CHEBYSHEV Kernel = QUARTIC result = 472/2000
F = 0,187984 Window = VARIABLE k = 1 Distance = CHEBYSHEV Kernel = TRIWEIGHT result = 472/2000
F = 0,202064 Window = VARIABLE k = 1 Distance = CHEBYSHEV Kernel = TRICUBE result = 473/2000
F = 0,089623 Window = VARIABLE k = 1 Distance = CHEBYSHEV Kernel = GAUSSIAN result = 470/2000
F = 0,088994 Window = VARIABLE k = 1 Distance = CHEBYSHEV Kernel = COSINE result = 465/2000
F = 0,112381 Window = VARIABLE k = 1 Distance = CHEBYSHEV Kernel = LOGISTIC result = 470/2000
F = 0,172853 Window = VARIABLE k = 1 Distance = CHEBYSHEV Kernel = SIGMOID result = 473/2000
F = 0,354465 Window = VARIABLE k = 3 Distance = MANHATTAN Kernel = UNIFORM result = 582/2000
F = 0,354400 Window = VARIABLE k = 3 Distance = MANHATTAN Kernel = TRIANGULAR result = 589/2000
F = 0,353028 Window = VARIABLE k = 3 Distance = MANHATTAN Kernel = EPANECHNIKOV result = 586/2000
F = 0,362476 Window = VARIABLE k = 3 Distance = MANHATTAN Kernel = QUARTIC result = 598/2000
F = 0,356145 Window = VARIABLE k = 3 Distance = MANHATTAN Kernel = TRIWEIGHT result = 587/2000
F = 0,351221 Window = VARIABLE k = 3 Distance = MANHATTAN Kernel = TRICUBE result = 586/2000
F = 0,138657 Window = VARIABLE k = 3 Distance = MANHATTAN Kernel = GAUSSIAN result = 470/2000
F = 0,353731 Window = VARIABLE k = 3 Distance = MANHATTAN Kernel = COSINE result = 582/2000
F = 0,161655 Window = VARIABLE k = 3 Distance = MANHATTAN Kernel = LOGISTIC result = 473/2000
F = 0,161465 Window = VARIABLE k = 3 Distance = MANHATTAN Kernel = SIGMOID result = 472/2000
F = 0,314893 Window = VARIABLE k = 3 Distance = EUCLIDEAN Kernel = UNIFORM result = 491/2000
F = 0,333283 Window = VARIABLE k = 3 Distance = EUCLIDEAN Kernel = TRIANGULAR result = 509/2000
F = 0,326335 Window = VARIABLE k = 3 Distance = EUCLIDEAN Kernel = EPANECHNIKOV result = 498/2000
F = 0,324606 Window = VARIABLE k = 3 Distance = EUCLIDEAN Kernel = QUARTIC result = 498/2000
F = 0,323214 Window = VARIABLE k = 3 Distance = EUCLIDEAN Kernel = TRIWEIGHT result = 503/2000
F = 0,322389 Window = VARIABLE k = 3 Distance = EUCLIDEAN Kernel = TRICUBE result = 501/2000
F = 0,168487 Window = VARIABLE k = 3 Distance = EUCLIDEAN Kernel = GAUSSIAN result = 472/2000
F = 0,327470 Window = VARIABLE k = 3 Distance = EUCLIDEAN Kernel = COSINE result = 502/2000
F = 0,089660 Window = VARIABLE k = 3 Distance = EUCLIDEAN Kernel = LOGISTIC result = 470/2000
F = 0,140225 Window = VARIABLE k = 3 Distance = EUCLIDEAN Kernel = SIGMOID result = 469/2000
F = 0,286568 Window = VARIABLE k = 3 Distance = CHEBYSHEV Kernel = UNIFORM result = 462/2000
F = 0,270813 Window = VARIABLE k = 3 Distance = CHEBYSHEV Kernel = TRIANGULAR result = 467/2000
F = 0,302101 Window = VARIABLE k = 3 Distance = CHEBYSHEV Kernel = EPANECHNIKOV result = 478/2000
F = 0,274351 Window = VARIABLE k = 3 Distance = CHEBYSHEV Kernel = QUARTIC result = 464/2000
F = 0,292877 Window = VARIABLE k = 3 Distance = CHEBYSHEV Kernel = TRIWEIGHT result = 473/2000
F = 0,271368 Window = VARIABLE k = 3 Distance = CHEBYSHEV Kernel = TRICUBE result = 457/2000
F = 0,149787 Window = VARIABLE k = 3 Distance = CHEBYSHEV Kernel = GAUSSIAN result = 474/2000
F = 0,298033 Window = VARIABLE k = 3 Distance = CHEBYSHEV Kernel = COSINE result = 472/2000
F = 0,167000 Window = VARIABLE k = 3 Distance = CHEBYSHEV Kernel = LOGISTIC result = 474/2000
F = 0,089623 Window = VARIABLE k = 3 Distance = CHEBYSHEV Kernel = SIGMOID result = 470/2000
F = 0,417128 Window = VARIABLE k = 5 Distance = MANHATTAN Kernel = UNIFORM result = 751/2000
F = 0,413922 Window = VARIABLE k = 5 Distance = MANHATTAN Kernel = TRIANGULAR result = 749/2000
F = 0,423736 Window = VARIABLE k = 5 Distance = MANHATTAN Kernel = EPANECHNIKOV result = 770/2000
F = 0,420627 Window = VARIABLE k = 5 Distance = MANHATTAN Kernel = QUARTIC result = 765/2000
F = 0,420079 Window = VARIABLE k = 5 Distance = MANHATTAN Kernel = TRIWEIGHT result = 767/2000
F = 0,417100 Window = VARIABLE k = 5 Distance = MANHATTAN Kernel = TRICUBE result = 756/2000
F = 0,307816 Window = VARIABLE k = 5 Distance = MANHATTAN Kernel = GAUSSIAN result = 461/2000
F = 0,414329 Window = VARIABLE k = 5 Distance = MANHATTAN Kernel = COSINE result = 745/2000
F = 0,131073 Window = VARIABLE k = 5 Distance = MANHATTAN Kernel = LOGISTIC result = 473/2000
F = 0,118837 Window = VARIABLE k = 5 Distance = MANHATTAN Kernel = SIGMOID result = 470/2000
F = 0,385902 Window = VARIABLE k = 5 Distance = EUCLIDEAN Kernel = UNIFORM result = 649/2000
F = 0,368143 Window = VARIABLE k = 5 Distance = EUCLIDEAN Kernel = TRIANGULAR result = 617/2000
F = 0,384365 Window = VARIABLE k = 5 Distance = EUCLIDEAN Kernel = EPANECHNIKOV result = 647/2000
F = 0,373862 Window = VARIABLE k = 5 Distance = EUCLIDEAN Kernel = QUARTIC result = 633/2000
F = 0,383357 Window = VARIABLE k = 5 Distance = EUCLIDEAN Kernel = TRIWEIGHT result = 643/2000
F = 0,371067 Window = VARIABLE k = 5 Distance = EUCLIDEAN Kernel = TRICUBE result = 619/2000
F = 0,121652 Window = VARIABLE k = 5 Distance = EUCLIDEAN Kernel = GAUSSIAN result = 467/2000
F = 0,374437 Window = VARIABLE k = 5 Distance = EUCLIDEAN Kernel = COSINE result = 629/2000
F = 0,089851 Window = VARIABLE k = 5 Distance = EUCLIDEAN Kernel = LOGISTIC result = 471/2000
F = 0,107490 Window = VARIABLE k = 5 Distance = EUCLIDEAN Kernel = SIGMOID result = 468/2000
F = 0,353383 Window = VARIABLE k = 5 Distance = CHEBYSHEV Kernel = UNIFORM result = 557/2000
F = 0,368418 Window = VARIABLE k = 5 Distance = CHEBYSHEV Kernel = TRIANGULAR result = 591/2000
F = 0,379001 Window = VARIABLE k = 5 Distance = CHEBYSHEV Kernel = EPANECHNIKOV result = 610/2000
F = 0,361927 Window = VARIABLE k = 5 Distance = CHEBYSHEV Kernel = QUARTIC result = 582/2000
F = 0,365344 Window = VARIABLE k = 5 Distance = CHEBYSHEV Kernel = TRIWEIGHT result = 588/2000
F = 0,350493 Window = VARIABLE k = 5 Distance = CHEBYSHEV Kernel = TRICUBE result = 567/2000
F = 0,141434 Window = VARIABLE k = 5 Distance = CHEBYSHEV Kernel = GAUSSIAN result = 470/2000
F = 0,373390 Window = VARIABLE k = 5 Distance = CHEBYSHEV Kernel = COSINE result = 597/2000
F = 0,152924 Window = VARIABLE k = 5 Distance = CHEBYSHEV Kernel = LOGISTIC result = 472/2000
F = 0,133684 Window = VARIABLE k = 5 Distance = CHEBYSHEV Kernel = SIGMOID result = 471/2000
F = 0,438209 Window = VARIABLE k = 7 Distance = MANHATTAN Kernel = UNIFORM result = 821/2000
F = 0,431559 Window = VARIABLE k = 7 Distance = MANHATTAN Kernel = TRIANGULAR result = 810/2000
F = 0,427632 Window = VARIABLE k = 7 Distance = MANHATTAN Kernel = EPANECHNIKOV result = 801/2000
F = 0,445187 Window = VARIABLE k = 7 Distance = MANHATTAN Kernel = QUARTIC result = 838/2000
F = 0,428628 Window = VARIABLE k = 7 Distance = MANHATTAN Kernel = TRIWEIGHT result = 808/2000
F = 0,429411 Window = VARIABLE k = 7 Distance = MANHATTAN Kernel = TRICUBE result = 808/2000
F = 0,284325 Window = VARIABLE k = 7 Distance = MANHATTAN Kernel = GAUSSIAN result = 485/2000
F = 0,435540 Window = VARIABLE k = 7 Distance = MANHATTAN Kernel = COSINE result = 819/2000
F = 0,124766 Window = VARIABLE k = 7 Distance = MANHATTAN Kernel = LOGISTIC result = 468/2000
F = 0,121447 Window = VARIABLE k = 7 Distance = MANHATTAN Kernel = SIGMOID result = 465/2000
F = 0,404903 Window = VARIABLE k = 7 Distance = EUCLIDEAN Kernel = UNIFORM result = 724/2000
F = 0,413212 Window = VARIABLE k = 7 Distance = EUCLIDEAN Kernel = TRIANGULAR result = 737/2000
F = 0,398352 Window = VARIABLE k = 7 Distance = EUCLIDEAN Kernel = EPANECHNIKOV result = 714/2000
F = 0,432313 Window = VARIABLE k = 7 Distance = EUCLIDEAN Kernel = QUARTIC result = 784/2000
F = 0,417158 Window = VARIABLE k = 7 Distance = EUCLIDEAN Kernel = TRIWEIGHT result = 752/2000
F = 0,409155 Window = VARIABLE k = 7 Distance = EUCLIDEAN Kernel = TRICUBE result = 733/2000
F = 0,118577 Window = VARIABLE k = 7 Distance = EUCLIDEAN Kernel = GAUSSIAN result = 457/2000
F = 0,413325 Window = VARIABLE k = 7 Distance = EUCLIDEAN Kernel = COSINE result = 744/2000
F = 0,161405 Window = VARIABLE k = 7 Distance = EUCLIDEAN Kernel = LOGISTIC result = 472/2000
F = 0,173004 Window = VARIABLE k = 7 Distance = EUCLIDEAN Kernel = SIGMOID result = 474/2000
F = 0,387283 Window = VARIABLE k = 7 Distance = CHEBYSHEV Kernel = UNIFORM result = 667/2000
F = 0,398744 Window = VARIABLE k = 7 Distance = CHEBYSHEV Kernel = TRIANGULAR result = 688/2000
F = 0,394114 Window = VARIABLE k = 7 Distance = CHEBYSHEV Kernel = EPANECHNIKOV result = 679/2000
F = 0,396124 Window = VARIABLE k = 7 Distance = CHEBYSHEV Kernel = QUARTIC result = 682/2000
F = 0,376539 Window = VARIABLE k = 7 Distance = CHEBYSHEV Kernel = TRIWEIGHT result = 651/2000
F = 0,406838 Window = VARIABLE k = 7 Distance = CHEBYSHEV Kernel = TRICUBE result = 700/2000
F = 0,133262 Window = VARIABLE k = 7 Distance = CHEBYSHEV Kernel = GAUSSIAN result = 468/2000
F = 0,395215 Window = VARIABLE k = 7 Distance = CHEBYSHEV Kernel = COSINE result = 677/2000
F = 0,136177 Window = VARIABLE k = 7 Distance = CHEBYSHEV Kernel = LOGISTIC result = 471/2000
F = 0,129278 Window = VARIABLE k = 7 Distance = CHEBYSHEV Kernel = SIGMOID result = 471/2000
F = 0,455330 Window = VARIABLE k = 9 Distance = MANHATTAN Kernel = UNIFORM result = 889/2000
F = 0,461560 Window = VARIABLE k = 9 Distance = MANHATTAN Kernel = TRIANGULAR result = 900/2000
F = 0,458000 Window = VARIABLE k = 9 Distance = MANHATTAN Kernel = EPANECHNIKOV result = 891/2000
F = 0,440263 Window = VARIABLE k = 9 Distance = MANHATTAN Kernel = QUARTIC result = 861/2000
F = 0,459185 Window = VARIABLE k = 9 Distance = MANHATTAN Kernel = TRIWEIGHT result = 900/2000
F = 0,452974 Window = VARIABLE k = 9 Distance = MANHATTAN Kernel = TRICUBE result = 879/2000
F = 0,317939 Window = VARIABLE k = 9 Distance = MANHATTAN Kernel = GAUSSIAN result = 488/2000
F = 0,456661 Window = VARIABLE k = 9 Distance = MANHATTAN Kernel = COSINE result = 888/2000
F = 0,102797 Window = VARIABLE k = 9 Distance = MANHATTAN Kernel = LOGISTIC result = 443/2000
F = 0,127273 Window = VARIABLE k = 9 Distance = MANHATTAN Kernel = SIGMOID result = 454/2000
F = 0,437936 Window = VARIABLE k = 9 Distance = EUCLIDEAN Kernel = UNIFORM result = 824/2000
F = 0,449544 Window = VARIABLE k = 9 Distance = EUCLIDEAN Kernel = TRIANGULAR result = 852/2000
F = 0,432587 Window = VARIABLE k = 9 Distance = EUCLIDEAN Kernel = EPANECHNIKOV result = 817/2000
F = 0,446370 Window = VARIABLE k = 9 Distance = EUCLIDEAN Kernel = QUARTIC result = 839/2000
F = 0,446190 Window = VARIABLE k = 9 Distance = EUCLIDEAN Kernel = TRIWEIGHT result = 845/2000
F = 0,439186 Window = VARIABLE k = 9 Distance = EUCLIDEAN Kernel = TRICUBE result = 830/2000
F = 0,276587 Window = VARIABLE k = 9 Distance = EUCLIDEAN Kernel = GAUSSIAN result = 448/2000
F = 0,443031 Window = VARIABLE k = 9 Distance = EUCLIDEAN Kernel = COSINE result = 834/2000
F = 0,123157 Window = VARIABLE k = 9 Distance = EUCLIDEAN Kernel = LOGISTIC result = 465/2000
F = 0,130530 Window = VARIABLE k = 9 Distance = EUCLIDEAN Kernel = SIGMOID result = 469/2000
F = 0,406718 Window = VARIABLE k = 9 Distance = CHEBYSHEV Kernel = UNIFORM result = 722/2000
F = 0,420620 Window = VARIABLE k = 9 Distance = CHEBYSHEV Kernel = TRIANGULAR result = 747/2000
F = 0,425454 Window = VARIABLE k = 9 Distance = CHEBYSHEV Kernel = EPANECHNIKOV result = 758/2000
F = 0,413305 Window = VARIABLE k = 9 Distance = CHEBYSHEV Kernel = QUARTIC result = 736/2000
F = 0,429829 Window = VARIABLE k = 9 Distance = CHEBYSHEV Kernel = TRIWEIGHT result = 772/2000
F = 0,420170 Window = VARIABLE k = 9 Distance = CHEBYSHEV Kernel = TRICUBE result = 751/2000
F = 0,115310 Window = VARIABLE k = 9 Distance = CHEBYSHEV Kernel = GAUSSIAN result = 455/2000
F = 0,425539 Window = VARIABLE k = 9 Distance = CHEBYSHEV Kernel = COSINE result = 758/2000
F = 0,131217 Window = VARIABLE k = 9 Distance = CHEBYSHEV Kernel = LOGISTIC result = 470/2000
F = 0,142728 Window = VARIABLE k = 9 Distance = CHEBYSHEV Kernel = SIGMOID result = 473/2000
F = 0,450119 Window = VARIABLE k = 10 Distance = MANHATTAN Kernel = UNIFORM result = 883/2000
F = 0,461039 Window = VARIABLE k = 10 Distance = MANHATTAN Kernel = TRIANGULAR result = 915/2000
F = 0,463324 Window = VARIABLE k = 10 Distance = MANHATTAN Kernel = EPANECHNIKOV result = 924/2000
F = 0,460158 Window = VARIABLE k = 10 Distance = MANHATTAN Kernel = QUARTIC result = 916/2000
F = 0,462192 Window = VARIABLE k = 10 Distance = MANHATTAN Kernel = TRIWEIGHT result = 921/2000
F = 0,456685 Window = VARIABLE k = 10 Distance = MANHATTAN Kernel = TRICUBE result = 901/2000
F = 0,321246 Window = VARIABLE k = 10 Distance = MANHATTAN Kernel = GAUSSIAN result = 501/2000
F = 0,471197 Window = VARIABLE k = 10 Distance = MANHATTAN Kernel = COSINE result = 930/2000
F = 0,125246 Window = VARIABLE k = 10 Distance = MANHATTAN Kernel = LOGISTIC result = 460/2000
F = 0,125195 Window = VARIABLE k = 10 Distance = MANHATTAN Kernel = SIGMOID result = 459/2000
F = 0,439673 Window = VARIABLE k = 10 Distance = EUCLIDEAN Kernel = UNIFORM result = 850/2000
F = 0,455406 Window = VARIABLE k = 10 Distance = EUCLIDEAN Kernel = TRIANGULAR result = 883/2000
F = 0,455259 Window = VARIABLE k = 10 Distance = EUCLIDEAN Kernel = EPANECHNIKOV result = 882/2000
F = 0,444350 Window = VARIABLE k = 10 Distance = EUCLIDEAN Kernel = QUARTIC result = 865/2000
F = 0,454581 Window = VARIABLE k = 10 Distance = EUCLIDEAN Kernel = TRIWEIGHT result = 883/2000
F = 0,459311 Window = VARIABLE k = 10 Distance = EUCLIDEAN Kernel = TRICUBE result = 891/2000
F = 0,239582 Window = VARIABLE k = 10 Distance = EUCLIDEAN Kernel = GAUSSIAN result = 436/2000
F = 0,453649 Window = VARIABLE k = 10 Distance = EUCLIDEAN Kernel = COSINE result = 877/2000
F = 0,115985 Window = VARIABLE k = 10 Distance = EUCLIDEAN Kernel = LOGISTIC result = 466/2000
F = 0,130218 Window = VARIABLE k = 10 Distance = EUCLIDEAN Kernel = SIGMOID result = 470/2000
F = 0,434043 Window = VARIABLE k = 10 Distance = CHEBYSHEV Kernel = UNIFORM result = 789/2000
F = 0,450235 Window = VARIABLE k = 10 Distance = CHEBYSHEV Kernel = TRIANGULAR result = 857/2000
F = 0,456779 Window = VARIABLE k = 10 Distance = CHEBYSHEV Kernel = EPANECHNIKOV result = 877/2000
F = 0,453713 Window = VARIABLE k = 10 Distance = CHEBYSHEV Kernel = QUARTIC result = 869/2000
F = 0,454934 Window = VARIABLE k = 10 Distance = CHEBYSHEV Kernel = TRIWEIGHT result = 874/2000
F = 0,460602 Window = VARIABLE k = 10 Distance = CHEBYSHEV Kernel = TRICUBE result = 887/2000
F = 0,127762 Window = VARIABLE k = 10 Distance = CHEBYSHEV Kernel = GAUSSIAN result = 456/2000
F = 0,449850 Window = VARIABLE k = 10 Distance = CHEBYSHEV Kernel = COSINE result = 865/2000
F = 0,140229 Window = VARIABLE k = 10 Distance = CHEBYSHEV Kernel = LOGISTIC result = 473/2000
F = 0,141475 Window = VARIABLE k = 10 Distance = CHEBYSHEV Kernel = SIGMOID result = 468/2000
----------------------------
---------TOP RESULT---------
----------------------------
F = 0,508998 Window = FIXED k = 3 Distance = MANHATTAN Kernel = COSINE result = 1023/2000
