2

S 0 _ -> S _ > 0 >
S 1 _ -> S _ > 1 >
S o _ -> or_operation _ ^ _ <
S a _ -> and_operation _ ^ _ <
S _ _ -> up _ ^ _ <

or_operation _ 0 -> or_operation_with_0 _ ^ _ <
or_operation _ 1 -> or_operation_with_1 _ ^ _ <

and_operation _ 0 -> and_operation_with_0 _ ^ _ <
and_operation _ 1 -> and_operation_with_1 _ ^ _ <

or_operation_with_0 _ 0 -> S _ > 0 >
or_operation_with_0 _ 1 -> S _ > 1 >
or_operation_with_1 _ 0 -> S _ > 1 >
or_operation_with_1 _ 1 -> S _ > 1 >

and_operation_with_0 _ 0 -> S _ > 0 >
and_operation_with_0 _ 1 -> S _ > 0 >
and_operation_with_1 _ 0 -> S _ > 0 >
and_operation_with_1 _ 1 -> S _ > 1 >

up _ 0 -> AC 0 ^ _ ^
up _ 1 -> AC 1 ^ _ ^
